#
# There is insufficient memory for the Java Runtime Environment to continue.
# Native memory allocation (malloc) failed to allocate 1144016 bytes for Chunk::new
# Possible reasons:
#   The system is out of physical RAM or swap space
#   The process is running with CompressedOops enabled, and the Java Heap may be blocking the growth of the native heap
# Possible solutions:
#   Reduce memory load on the system
#   Increase physical memory or swap space
#   Check if swap backing store is full
#   Decrease Java heap size (-Xmx/-Xms)
#   Decrease number of Java threads
#   Decrease Java thread stack sizes (-Xss)
#   Set larger code cache with -XX:ReservedCodeCacheSize=
#   JVM is running with Unscaled Compressed Oops mode in which the Java heap is
#     placed in the first 4GB address space. The Java Heap base address is the
#     maximum limit for the native heap growth. Please use -XX:HeapBaseMinAddress
#     to set the Java Heap base and to place the Java Heap above 4GB virtual address.
# This output file may be truncated or incomplete.
#
#  Out of Memory Error (./open/src/hotspot/share/memory/arena.cpp:197), pid=22620, tid=21636
#
# JRE version: Java(TM) SE Runtime Environment 18.9 (11.0.16.1+1) (build 11.0.16.1+1-LTS-1)
# Java VM: Java HotSpot(TM) 64-Bit Server VM 18.9 (11.0.16.1+1-LTS-1, mixed mode, tiered, compressed oops, g1 gc, windows-amd64)
# No core dump will be written. Minidumps are not enabled by default on client versions of Windows
#

---------------  S U M M A R Y ------------

Command Line: -XX:MaxMetaspaceSize=512m --add-opens=java.base/java.util=ALL-UNNAMED --add-opens=java.base/java.lang=ALL-UNNAMED --add-opens=java.base/java.lang.invoke=ALL-UNNAMED --add-opens=java.prefs/java.util.prefs=ALL-UNNAMED --add-opens=java.base/java.nio.charset=ALL-UNNAMED --add-opens=java.base/java.net=ALL-UNNAMED --add-opens=java.base/java.util.concurrent.atomic=ALL-UNNAMED -Xmx2048m -Dfile.encoding=utf8 -Duser.country=IN -Duser.language=en -Duser.variant org.gradle.launcher.daemon.bootstrap.GradleDaemon 8.0.1

Host: AMD Ryzen 5 5600H with Radeon Graphics         , 12 cores, 7G,  Windows 11 , 64 bit Build 22621 (10.0.22621.3958)
Time: Tue Sep 10 15:31:12 2024 India Standard Time elapsed time: 4204.696246 seconds (0d 1h 10m 4s)

---------------  T H R E A D  ---------------

Current thread (0x000001e23d7fc000):  JavaThread "C2 CompilerThread0" daemon [_thread_in_native, id=21636, stack(0x0000005856400000,0x0000005856500000)]


Current CompileTask:
C2:4204696 19236       4       org.gradle.internal.operations.DefaultBuildOperationRunner$BuildOperationTrackingListener::stop (36 bytes)

Stack: [0x0000005856400000,0x0000005856500000]
Native frames: (J=compiled Java code, j=interpreted, Vv=VM code, C=native code)
V  [jvm.dll+0x62a3da]
V  [jvm.dll+0x76407f]
V  [jvm.dll+0x765729]
V  [jvm.dll+0x765db3]
V  [jvm.dll+0x23dc18]
V  [jvm.dll+0xb2a1c]
V  [jvm.dll+0xb2fdc]
V  [jvm.dll+0x341452]
V  [jvm.dll+0x30ee03]
V  [jvm.dll+0x30e14a]
V  [jvm.dll+0x1f8685]
V  [jvm.dll+0x1f786d]
V  [jvm.dll+0x177c81]
V  [jvm.dll+0x207186]
V  [jvm.dll+0x20531b]
V  [jvm.dll+0x729f60]
V  [jvm.dll+0x722b34]
V  [jvm.dll+0x629276]
C  [ucrtbase.dll+0x29333]
C  [KERNEL32.DLL+0x1257d]
C  [ntdll.dll+0x5af28]


---------------  P R O C E S S  ---------------

Threads class SMR info:
_java_thread_list=0x000001e2438c59c0, length=181, elements={
0x000001e21d3a1000, 0x000001e23d7da000, 0x000001e23d7e4800, 0x000001e23e173800,
0x000001e23d7f4000, 0x000001e23d7f7800, 0x000001e23d7fc000, 0x000001e23d7fd000,
0x000001e23d808000, 0x000001e23e2bc000, 0x000001e240180800, 0x000001e23f80b800,
0x000001e23ff64800, 0x000001e24018d800, 0x000001e240191000, 0x000001e240192000,
0x000001e240192800, 0x000001e240193800, 0x000001e240194000, 0x000001e24018e800,
0x000001e24018f800, 0x000001e242a32800, 0x000001e242a35800, 0x000001e242a30000,
0x000001e242a36800, 0x000001e242a31800, 0x000001e242a39000, 0x000001e242a3e000,
0x000001e242a3c000, 0x000001e242a3d000, 0x000001e242a38000, 0x000001e23e4fa000,
0x000001e23e4f9000, 0x000001e23e4f7800, 0x000001e23e4f8800, 0x000001e23e4f6000,
0x000001e23e4f6800, 0x000001e23e4f4000, 0x000001e23e4fb000, 0x000001e23e4f5000,
0x000001e23e4ff000, 0x000001e23e4fb800, 0x000001e23e4fd000, 0x000001e23e4fe000,
0x000001e23e500800, 0x000001e23e501800, 0x000001e23e4ff800, 0x000001e23e502000,
0x000001e23e4fc800, 0x000001e242a33000, 0x000001e242a34000, 0x000001e242a35000,
0x000001e242a2f000, 0x000001e242a39800, 0x000001e242a3a800, 0x000001e242a3b800,
0x000001e240190000, 0x000001e247993000, 0x000001e247998000, 0x000001e247996800,
0x000001e247997000, 0x000001e247992800, 0x000001e247994000, 0x000001e247999000,
0x000001e247999800, 0x000001e24799a800, 0x000001e247995800, 0x000001e247995000,
0x000001e24799b800, 0x000001e24799e000, 0x000001e24799e800, 0x000001e24799f800,
0x000001e2479a1000, 0x000001e24799c000, 0x000001e24736e800, 0x000001e24736f000,
0x000001e24736d800, 0x000001e247371000, 0x000001e24736c000, 0x000001e247372800,
0x000001e24736c800, 0x000001e247379000, 0x000001e247375800, 0x000001e247376800,
0x000001e247378000, 0x000001e247374000, 0x000001e247373000, 0x000001e24737a800,
0x000001e247377800, 0x000001e24737a000, 0x000001e24625b800, 0x000001e246258000,
0x000001e24625c000, 0x000001e246257800, 0x000001e24625e800, 0x000001e24625a800,
0x000001e246259000, 0x000001e246259800, 0x000001e246261000, 0x000001e24625f800,
0x000001e246260000, 0x000001e246262000, 0x000001e246262800, 0x000001e24625e000,
0x000001e24625d000, 0x000001e246264800, 0x000001e246266000, 0x000001e246263800,
0x000001e246265000, 0x000001e2441b0000, 0x000001e2441ad800, 0x000001e2441aa800,
0x000001e2441ae800, 0x000001e2441af800, 0x000001e2441ad000, 0x000001e2441b1000,
0x000001e2441ab000, 0x000001e2441b2000, 0x000001e2441ac000, 0x000001e2441b4000,
0x000001e2441b5000, 0x000001e2441b2800, 0x000001e2441b7800, 0x000001e2441b6000,
0x000001e2441b6800, 0x000001e2441b8800, 0x000001e2441b9000, 0x000001e2441b3800,
0x000001e247857000, 0x000001e24785c000, 0x000001e247856800, 0x000001e24785d000,
0x000001e24785a800, 0x000001e247859800, 0x000001e24785d800, 0x000001e24785b000,
0x000001e247858000, 0x000001e24785e800, 0x000001e247858800, 0x000001e247865000,
0x000001e247861800, 0x000001e24785f800, 0x000001e247861000, 0x000001e247863800,
0x000001e247862800, 0x000001e247864000, 0x000001e247860000, 0x000001e24406d000,
0x000001e244067800, 0x000001e24406b800, 0x000001e24406a800, 0x000001e244069800,
0x000001e24406c000, 0x000001e24406e000, 0x000001e244069000, 0x000001e244068000,
0x000001e24406f800, 0x000001e244071000, 0x000001e24406e800, 0x000001e244072000,
0x000001e244076000, 0x000001e244075000, 0x000001e244072800, 0x000001e244073800,
0x000001e244070800, 0x000001e244074800, 0x000001e2541cc800, 0x000001e2541cc000,
0x000001e2541d3000, 0x000001e2541d1000, 0x000001e2541d1800, 0x000001e2541ce800,
0x000001e2541d0000, 0x000001e2541d2800, 0x000001e2541cd800, 0x000001e2541d4000,
0x000001e2541d5000, 0x000001e2541cf000, 0x000001e2541d5800, 0x000001e2541d9800,
0x000001e2541da800
}

Java Threads: ( => current thread )
  0x000001e21d3a1000 JavaThread "main" [_thread_blocked, id=10920, stack(0x0000005855800000,0x0000005855900000)]
  0x000001e23d7da000 JavaThread "Reference Handler" daemon [_thread_blocked, id=15268, stack(0x0000005855f00000,0x0000005856000000)]
  0x000001e23d7e4800 JavaThread "Finalizer" daemon [_thread_blocked, id=23568, stack(0x0000005856000000,0x0000005856100000)]
  0x000001e23e173800 JavaThread "Signal Dispatcher" daemon [_thread_blocked, id=17932, stack(0x0000005856100000,0x0000005856200000)]
  0x000001e23d7f4000 JavaThread "Attach Listener" daemon [_thread_blocked, id=9044, stack(0x0000005856200000,0x0000005856300000)]
  0x000001e23d7f7800 JavaThread "Service Thread" daemon [_thread_blocked, id=10400, stack(0x0000005856300000,0x0000005856400000)]
=>0x000001e23d7fc000 JavaThread "C2 CompilerThread0" daemon [_thread_in_native, id=21636, stack(0x0000005856400000,0x0000005856500000)]
  0x000001e23d7fd000 JavaThread "C1 CompilerThread0" daemon [_thread_blocked, id=23652, stack(0x0000005856500000,0x0000005856600000)]
  0x000001e23d808000 JavaThread "Sweeper thread" daemon [_thread_blocked, id=7004, stack(0x0000005856600000,0x0000005856700000)]
  0x000001e23e2bc000 JavaThread "Common-Cleaner" daemon [_thread_blocked, id=16832, stack(0x0000005856700000,0x0000005856800000)]
  0x000001e240180800 JavaThread "Daemon health stats" [_thread_blocked, id=24440, stack(0x0000005856a00000,0x0000005856b00000)]
  0x000001e23f80b800 JavaThread "Incoming local TCP Connector on port 65499" [_thread_in_native, id=7672, stack(0x0000005856b00000,0x0000005856c00000)]
  0x000001e23ff64800 JavaThread "Daemon periodic checks" [_thread_blocked, id=23404, stack(0x0000005856c00000,0x0000005856d00000)]
  0x000001e24018d800 JavaThread "Cache worker for journal cache (C:\Users\saini\.gradle\caches\journal-1)" [_thread_blocked, id=20704, stack(0x0000005857e00000,0x0000005857f00000)]
  0x000001e240191000 JavaThread "File lock request listener" [_thread_in_native, id=9340, stack(0x0000005858100000,0x0000005858200000)]
  0x000001e240192000 JavaThread "Cache worker for file hash cache (C:\Users\saini\.gradle\caches\8.0.1\fileHashes)" [_thread_blocked, id=9612, stack(0x0000005858200000,0x0000005858300000)]
  0x000001e240192800 JavaThread "File watcher server" daemon [_thread_in_native, id=20996, stack(0x0000005858300000,0x0000005858400000)]
  0x000001e240193800 JavaThread "File watcher consumer" daemon [_thread_blocked, id=11896, stack(0x0000005858400000,0x0000005858500000)]
  0x000001e240194000 JavaThread "jar transforms" [_thread_blocked, id=8984, stack(0x0000005858500000,0x0000005858600000)]
  0x000001e24018e800 JavaThread "jar transforms Thread 2" [_thread_blocked, id=19672, stack(0x0000005858600000,0x0000005858700000)]
  0x000001e24018f800 JavaThread "jar transforms Thread 3" [_thread_blocked, id=16460, stack(0x0000005858700000,0x0000005858800000)]
  0x000001e242a32800 JavaThread "Cache worker for file content cache (C:\Users\saini\.gradle\caches\8.0.1\fileContent)" [_thread_blocked, id=23580, stack(0x0000005858a00000,0x0000005858b00000)]
  0x000001e242a35800 JavaThread "Cache worker for execution history cache (C:\Users\saini\.gradle\caches\8.0.1\executionHistory)" [_thread_blocked, id=772, stack(0x0000005858d00000,0x0000005858e00000)]
  0x000001e242a30000 JavaThread "jar transforms Thread 4" [_thread_blocked, id=19848, stack(0x0000005858e00000,0x0000005858f00000)]
  0x000001e242a36800 JavaThread "jar transforms Thread 5" [_thread_blocked, id=23448, stack(0x0000005858f00000,0x0000005859000000)]
  0x000001e242a31800 JavaThread "jar transforms Thread 6" [_thread_blocked, id=23156, stack(0x0000005859000000,0x0000005859100000)]
  0x000001e242a39000 JavaThread "jar transforms Thread 7" [_thread_blocked, id=2060, stack(0x0000005859100000,0x0000005859200000)]
  0x000001e242a3e000 JavaThread "jar transforms Thread 8" [_thread_blocked, id=16956, stack(0x0000005859200000,0x0000005859300000)]
  0x000001e242a3c000 JavaThread "jar transforms Thread 9" [_thread_blocked, id=17572, stack(0x0000005859300000,0x0000005859400000)]
  0x000001e242a3d000 JavaThread "jar transforms Thread 10" [_thread_blocked, id=21068, stack(0x0000005859400000,0x0000005859500000)]
  0x000001e242a38000 JavaThread "jar transforms Thread 11" [_thread_blocked, id=15500, stack(0x0000005859500000,0x0000005859600000)]
  0x000001e23e4fa000 JavaThread "jar transforms Thread 12" [_thread_blocked, id=6728, stack(0x0000005859600000,0x0000005859700000)]
  0x000001e23e4f9000 JavaThread "Daemon Thread 3" [_thread_blocked, id=2848, stack(0x0000005855500000,0x0000005855600000)]
  0x000001e23e4f7800 JavaThread "Handler for socket connection from /127.0.0.1:65499 to /127.0.0.1:53540" [_thread_in_native, id=3068, stack(0x0000005855600000,0x0000005855700000)]
  0x000001e23e4f8800 JavaThread "Cancel handler" [_thread_blocked, id=21320, stack(0x0000005855700000,0x0000005855800000)]
  0x000001e23e4f6000 JavaThread "Daemon worker Thread 3" [_thread_in_vm, id=24452, stack(0x0000005856d00000,0x0000005856e00000)]
  0x000001e23e4f6800 JavaThread "Asynchronous log dispatcher for DefaultDaemonConnection: socket connection from /127.0.0.1:65499 to /127.0.0.1:53540" [_thread_blocked, id=26760, stack(0x0000005856e00000,0x0000005856f00000)]
  0x000001e23e4f4000 JavaThread "Daemon client event forwarder" [_thread_blocked, id=2260, stack(0x0000005857000000,0x0000005857100000)]
  0x000001e23e4fb000 JavaThread "Cache worker for checksums cache (C:\SwipeAirLogistics\android\.gradle\8.0.1\checksums)" [_thread_blocked, id=26684, stack(0x0000005857100000,0x0000005857200000)]
  0x000001e23e4f5000 JavaThread "Cache worker for cache directory md-rule (C:\Users\saini\.gradle\caches\8.0.1\md-rule)" [_thread_blocked, id=8080, stack(0x0000005857200000,0x0000005857300000)]
  0x000001e23e4ff000 JavaThread "Cache worker for file hash cache (C:\SwipeAirLogistics\android\.gradle\8.0.1\fileHashes)" [_thread_blocked, id=16216, stack(0x0000005857300000,0x0000005857400000)]
  0x000001e23e4fb800 JavaThread "Cache worker for cache directory md-supplier (C:\Users\saini\.gradle\caches\8.0.1\md-supplier)" [_thread_blocked, id=23636, stack(0x0000005858800000,0x0000005858900000)]
  0x000001e23e4fd000 JavaThread "Cache worker for kotlin-dsl (C:\Users\saini\.gradle\caches\8.0.1\kotlin-dsl)" [_thread_blocked, id=19812, stack(0x0000005858b00000,0x0000005858c00000)]
  0x000001e23e4fe000 JavaThread "Cache worker for dependencies-accessors (C:\SwipeAirLogistics\android\.gradle\8.0.1\dependencies-accessors)" [_thread_blocked, id=25792, stack(0x0000005858c00000,0x0000005858d00000)]
  0x000001e23e500800 JavaThread "Cache worker for Build Output Cleanup Cache (C:\SwipeAirLogistics\android\.gradle\buildOutputCleanup)" [_thread_blocked, id=25152, stack(0x0000005859700000,0x0000005859800000)]
  0x000001e23e501800 JavaThread "Cache worker for Build Output Cleanup Cache (C:\SwipeAirLogistics\node_modules\@react-native\gradle-plugin\.gradle\buildOutputCleanup)" [_thread_blocked, id=2184, stack(0x0000005859800000,0x0000005859900000)]
  0x000001e23e4ff800 JavaThread "Unconstrained build operations" [_thread_blocked, id=5160, stack(0x0000005859900000,0x0000005859a00000)]
  0x000001e23e502000 JavaThread "Unconstrained build operations Thread 2" [_thread_blocked, id=8340, stack(0x0000005859a00000,0x0000005859b00000)]
  0x000001e23e4fc800 JavaThread "Unconstrained build operations Thread 3" [_thread_blocked, id=16264, stack(0x0000005859b00000,0x0000005859c00000)]
  0x000001e242a33000 JavaThread "Unconstrained build operations Thread 4" [_thread_blocked, id=12916, stack(0x0000005859c00000,0x0000005859d00000)]
  0x000001e242a34000 JavaThread "Unconstrained build operations Thread 5" [_thread_blocked, id=24364, stack(0x0000005859d00000,0x0000005859e00000)]
  0x000001e242a35000 JavaThread "Unconstrained build operations Thread 6" [_thread_blocked, id=25660, stack(0x0000005859e00000,0x0000005859f00000)]
  0x000001e242a2f000 JavaThread "Unconstrained build operations Thread 7" [_thread_blocked, id=3772, stack(0x0000005859f00000,0x000000585a000000)]
  0x000001e242a39800 JavaThread "Unconstrained build operations Thread 8" [_thread_blocked, id=4168, stack(0x000000585a000000,0x000000585a100000)]
  0x000001e242a3a800 JavaThread "Unconstrained build operations Thread 9" [_thread_blocked, id=14300, stack(0x000000585a100000,0x000000585a200000)]
  0x000001e242a3b800 JavaThread "Unconstrained build operations Thread 10" [_thread_blocked, id=15888, stack(0x000000585a200000,0x000000585a300000)]
  0x000001e240190000 JavaThread "Unconstrained build operations Thread 11" [_thread_blocked, id=5436, stack(0x000000585a300000,0x000000585a400000)]
  0x000001e247993000 JavaThread "Unconstrained build operations Thread 12" [_thread_blocked, id=11608, stack(0x000000585a400000,0x000000585a500000)]
  0x000001e247998000 JavaThread "Unconstrained build operations Thread 13" [_thread_blocked, id=23096, stack(0x000000585a500000,0x000000585a600000)]
  0x000001e247996800 JavaThread "Unconstrained build operations Thread 14" [_thread_blocked, id=25144, stack(0x000000585a600000,0x000000585a700000)]
  0x000001e247997000 JavaThread "Unconstrained build operations Thread 15" [_thread_blocked, id=5572, stack(0x000000585a700000,0x000000585a800000)]
  0x000001e247992800 JavaThread "Unconstrained build operations Thread 16" [_thread_blocked, id=13252, stack(0x000000585a800000,0x000000585a900000)]
  0x000001e247994000 JavaThread "Unconstrained build operations Thread 17" [_thread_blocked, id=26860, stack(0x000000585a900000,0x000000585aa00000)]
  0x000001e247999000 JavaThread "Unconstrained build operations Thread 18" [_thread_blocked, id=27260, stack(0x000000585aa00000,0x000000585ab00000)]
  0x000001e247999800 JavaThread "Unconstrained build operations Thread 19" [_thread_blocked, id=20460, stack(0x000000585ab00000,0x000000585ac00000)]
  0x000001e24799a800 JavaThread "Unconstrained build operations Thread 20" [_thread_blocked, id=23312, stack(0x000000585ac00000,0x000000585ad00000)]
  0x000001e247995800 JavaThread "Unconstrained build operations Thread 21" [_thread_blocked, id=15964, stack(0x000000585ad00000,0x000000585ae00000)]
  0x000001e247995000 JavaThread "Unconstrained build operations Thread 22" [_thread_blocked, id=23504, stack(0x000000585ae00000,0x000000585af00000)]
  0x000001e24799b800 JavaThread "Unconstrained build operations Thread 23" [_thread_blocked, id=16376, stack(0x000000585af00000,0x000000585b000000)]
  0x000001e24799e000 JavaThread "Unconstrained build operations Thread 24" [_thread_blocked, id=26852, stack(0x000000585b000000,0x000000585b100000)]
  0x000001e24799e800 JavaThread "Unconstrained build operations Thread 25" [_thread_blocked, id=7884, stack(0x000000585b100000,0x000000585b200000)]
  0x000001e24799f800 JavaThread "Unconstrained build operations Thread 26" [_thread_blocked, id=13416, stack(0x000000585b200000,0x000000585b300000)]
  0x000001e2479a1000 JavaThread "Memory manager" [_thread_blocked, id=26968, stack(0x000000585b300000,0x000000585b400000)]
  0x000001e24799c000 JavaThread "Kotlin DSL Writer" [_thread_blocked, id=23356, stack(0x0000005858900000,0x0000005858a00000)]
  0x000001e24736e800 JavaThread "included builds" [_thread_blocked, id=15736, stack(0x000000585b400000,0x000000585b500000)]
  0x000001e24736f000 JavaThread "Execution worker" [_thread_blocked, id=8440, stack(0x000000585b500000,0x000000585b600000)]
  0x000001e24736d800 JavaThread "Execution worker Thread 2" [_thread_blocked, id=7224, stack(0x000000585b600000,0x000000585b700000)]
  0x000001e247371000 JavaThread "Execution worker Thread 3" [_thread_blocked, id=27256, stack(0x000000585b700000,0x000000585b800000)]
  0x000001e24736c000 JavaThread "Execution worker Thread 4" [_thread_blocked, id=19888, stack(0x000000585b800000,0x000000585b900000)]
  0x000001e247372800 JavaThread "Execution worker Thread 5" [_thread_blocked, id=5752, stack(0x000000585b900000,0x000000585ba00000)]
  0x000001e24736c800 JavaThread "Execution worker Thread 6" [_thread_blocked, id=26696, stack(0x000000585ba00000,0x000000585bb00000)]
  0x000001e247379000 JavaThread "Execution worker Thread 7" [_thread_blocked, id=27348, stack(0x000000585bb00000,0x000000585bc00000)]
  0x000001e247375800 JavaThread "Execution worker Thread 8" [_thread_blocked, id=7152, stack(0x000000585bc00000,0x000000585bd00000)]
  0x000001e247376800 JavaThread "Execution worker Thread 9" [_thread_blocked, id=3600, stack(0x000000585bd00000,0x000000585be00000)]
  0x000001e247378000 JavaThread "Execution worker Thread 10" [_thread_blocked, id=24716, stack(0x000000585be00000,0x000000585bf00000)]
  0x000001e247374000 JavaThread "Execution worker Thread 11" [_thread_blocked, id=27448, stack(0x000000585bf00000,0x000000585c000000)]
  0x000001e247373000 JavaThread "Cache worker for execution history cache (C:\SwipeAirLogistics\node_modules\@react-native\gradle-plugin\.gradle\8.0.1\executionHistory)" [_thread_blocked, id=26104, stack(0x000000585c000000,0x000000585c100000)]
  0x000001e24737a800 JavaThread "Unconstrained build operations Thread 27" [_thread_blocked, id=22840, stack(0x000000585c100000,0x000000585c200000)]
  0x000001e247377800 JavaThread "Unconstrained build operations Thread 28" [_thread_blocked, id=19512, stack(0x000000585c200000,0x000000585c300000)]
  0x000001e24737a000 JavaThread "Unconstrained build operations Thread 29" [_thread_blocked, id=8872, stack(0x000000585c300000,0x000000585c400000)]
  0x000001e24625b800 JavaThread "Unconstrained build operations Thread 30" [_thread_blocked, id=26756, stack(0x000000585c400000,0x000000585c500000)]
  0x000001e246258000 JavaThread "Unconstrained build operations Thread 31" [_thread_blocked, id=26680, stack(0x000000585c500000,0x000000585c600000)]
  0x000001e24625c000 JavaThread "Unconstrained build operations Thread 32" [_thread_blocked, id=4788, stack(0x000000585c600000,0x000000585c700000)]
  0x000001e246257800 JavaThread "Unconstrained build operations Thread 33" [_thread_blocked, id=12720, stack(0x000000585c700000,0x000000585c800000)]
  0x000001e24625e800 JavaThread "Unconstrained build operations Thread 34" [_thread_blocked, id=19480, stack(0x000000585c800000,0x000000585c900000)]
  0x000001e24625a800 JavaThread "Unconstrained build operations Thread 35" [_thread_blocked, id=23392, stack(0x000000585c900000,0x000000585ca00000)]
  0x000001e246259000 JavaThread "Unconstrained build operations Thread 36" [_thread_blocked, id=17968, stack(0x000000585ca00000,0x000000585cb00000)]
  0x000001e246259800 JavaThread "Unconstrained build operations Thread 37" [_thread_blocked, id=21660, stack(0x000000585cb00000,0x000000585cc00000)]
  0x000001e246261000 JavaThread "Unconstrained build operations Thread 38" [_thread_blocked, id=12184, stack(0x000000585cc00000,0x000000585cd00000)]
  0x000001e24625f800 JavaThread "Unconstrained build operations Thread 39" [_thread_blocked, id=18752, stack(0x000000585cd00000,0x000000585ce00000)]
  0x000001e246260000 JavaThread "Unconstrained build operations Thread 40" [_thread_blocked, id=26888, stack(0x000000585ce00000,0x000000585cf00000)]
  0x000001e246262000 JavaThread "Unconstrained build operations Thread 41" [_thread_blocked, id=25460, stack(0x000000585cf00000,0x000000585d000000)]
  0x000001e246262800 JavaThread "Unconstrained build operations Thread 42" [_thread_blocked, id=3828, stack(0x000000585d000000,0x000000585d100000)]
  0x000001e24625e000 JavaThread "Unconstrained build operations Thread 43" [_thread_blocked, id=27456, stack(0x000000585d100000,0x000000585d200000)]
  0x000001e24625d000 JavaThread "Unconstrained build operations Thread 44" [_thread_blocked, id=9084, stack(0x000000585d200000,0x000000585d300000)]
  0x000001e246264800 JavaThread "Unconstrained build operations Thread 45" [_thread_blocked, id=27392, stack(0x000000585d300000,0x000000585d400000)]
  0x000001e246266000 JavaThread "Unconstrained build operations Thread 46" [_thread_blocked, id=25860, stack(0x000000585d400000,0x000000585d500000)]
  0x000001e246263800 JavaThread "Unconstrained build operations Thread 47" [_thread_blocked, id=26160, stack(0x000000585d500000,0x000000585d600000)]
  0x000001e246265000 JavaThread "Unconstrained build operations Thread 48" [_thread_blocked, id=24940, stack(0x000000585d600000,0x000000585d700000)]
  0x000001e2441b0000 JavaThread "Unconstrained build operations Thread 49" [_thread_blocked, id=13472, stack(0x000000585d700000,0x000000585d800000)]
  0x000001e2441ad800 JavaThread "Unconstrained build operations Thread 50" [_thread_blocked, id=12412, stack(0x000000585d800000,0x000000585d900000)]
  0x000001e2441aa800 JavaThread "Unconstrained build operations Thread 51" [_thread_blocked, id=12016, stack(0x000000585d900000,0x000000585da00000)]
  0x000001e2441ae800 JavaThread "Unconstrained build operations Thread 52" [_thread_blocked, id=8412, stack(0x000000585da00000,0x000000585db00000)]
  0x000001e2441af800 JavaThread "Unconstrained build operations Thread 53" [_thread_blocked, id=20532, stack(0x000000585db00000,0x000000585dc00000)]
  0x000001e2441ad000 JavaThread "Unconstrained build operations Thread 54" [_thread_blocked, id=19988, stack(0x000000585dc00000,0x000000585dd00000)]
  0x000001e2441b1000 JavaThread "Unconstrained build operations Thread 55" [_thread_blocked, id=27004, stack(0x000000585dd00000,0x000000585de00000)]
  0x000001e2441ab000 JavaThread "Unconstrained build operations Thread 56" [_thread_blocked, id=27452, stack(0x000000585de00000,0x000000585df00000)]
  0x000001e2441b2000 JavaThread "Unconstrained build operations Thread 57" [_thread_blocked, id=27436, stack(0x000000585df00000,0x000000585e000000)]
  0x000001e2441ac000 JavaThread "Unconstrained build operations Thread 58" [_thread_blocked, id=2276, stack(0x000000585e000000,0x000000585e100000)]
  0x000001e2441b4000 JavaThread "Unconstrained build operations Thread 59" [_thread_blocked, id=13072, stack(0x000000585e100000,0x000000585e200000)]
  0x000001e2441b5000 JavaThread "Unconstrained build operations Thread 60" [_thread_blocked, id=23024, stack(0x000000585e200000,0x000000585e300000)]
  0x000001e2441b2800 JavaThread "Unconstrained build operations Thread 61" [_thread_blocked, id=18212, stack(0x000000585e300000,0x000000585e400000)]
  0x000001e2441b7800 JavaThread "Unconstrained build operations Thread 62" [_thread_blocked, id=25228, stack(0x000000585e400000,0x000000585e500000)]
  0x000001e2441b6000 JavaThread "Unconstrained build operations Thread 63" [_thread_blocked, id=27164, stack(0x000000585e500000,0x000000585e600000)]
  0x000001e2441b6800 JavaThread "Unconstrained build operations Thread 64" [_thread_blocked, id=22400, stack(0x000000585e600000,0x000000585e700000)]
  0x000001e2441b8800 JavaThread "Unconstrained build operations Thread 65" [_thread_blocked, id=12880, stack(0x000000585e700000,0x000000585e800000)]
  0x000001e2441b9000 JavaThread "Unconstrained build operations Thread 66" [_thread_blocked, id=26552, stack(0x000000585e800000,0x000000585e900000)]
  0x000001e2441b3800 JavaThread "Unconstrained build operations Thread 67" [_thread_blocked, id=23864, stack(0x000000585e900000,0x000000585ea00000)]
  0x000001e247857000 JavaThread "Unconstrained build operations Thread 68" [_thread_blocked, id=13424, stack(0x000000585ea00000,0x000000585eb00000)]
  0x000001e24785c000 JavaThread "Unconstrained build operations Thread 69" [_thread_blocked, id=24596, stack(0x000000585eb00000,0x000000585ec00000)]
  0x000001e247856800 JavaThread "Unconstrained build operations Thread 70" [_thread_blocked, id=8292, stack(0x000000585ec00000,0x000000585ed00000)]
  0x000001e24785d000 JavaThread "Unconstrained build operations Thread 71" [_thread_blocked, id=27428, stack(0x000000585ed00000,0x000000585ee00000)]
  0x000001e24785a800 JavaThread "Unconstrained build operations Thread 72" [_thread_blocked, id=19700, stack(0x000000585ee00000,0x000000585ef00000)]
  0x000001e247859800 JavaThread "Unconstrained build operations Thread 73" [_thread_blocked, id=23968, stack(0x000000585ef00000,0x000000585f000000)]
  0x000001e24785d800 JavaThread "Unconstrained build operations Thread 74" [_thread_blocked, id=4276, stack(0x000000585f000000,0x000000585f100000)]
  0x000001e24785b000 JavaThread "Unconstrained build operations Thread 75" [_thread_blocked, id=25504, stack(0x000000585f100000,0x000000585f200000)]
  0x000001e247858000 JavaThread "Unconstrained build operations Thread 76" [_thread_blocked, id=26600, stack(0x000000585f200000,0x000000585f300000)]
  0x000001e24785e800 JavaThread "Unconstrained build operations Thread 77" [_thread_blocked, id=25732, stack(0x000000585f300000,0x000000585f400000)]
  0x000001e247858800 JavaThread "Unconstrained build operations Thread 78" [_thread_blocked, id=19920, stack(0x000000585f400000,0x000000585f500000)]
  0x000001e247865000 JavaThread "Unconstrained build operations Thread 79" [_thread_blocked, id=15100, stack(0x000000585f500000,0x000000585f600000)]
  0x000001e247861800 JavaThread "Unconstrained build operations Thread 80" [_thread_blocked, id=22788, stack(0x000000585f600000,0x000000585f700000)]
  0x000001e24785f800 JavaThread "Unconstrained build operations Thread 81" [_thread_blocked, id=5128, stack(0x000000585f700000,0x000000585f800000)]
  0x000001e247861000 JavaThread "Unconstrained build operations Thread 82" [_thread_blocked, id=12280, stack(0x000000585f800000,0x000000585f900000)]
  0x000001e247863800 JavaThread "Unconstrained build operations Thread 83" [_thread_blocked, id=25668, stack(0x000000585f900000,0x000000585fa00000)]
  0x000001e247862800 JavaThread "Unconstrained build operations Thread 84" [_thread_blocked, id=27308, stack(0x000000585fa00000,0x000000585fb00000)]
  0x000001e247864000 JavaThread "Unconstrained build operations Thread 85" [_thread_blocked, id=26972, stack(0x000000585fb00000,0x000000585fc00000)]
  0x000001e247860000 JavaThread "Unconstrained build operations Thread 86" [_thread_blocked, id=22488, stack(0x000000585fc00000,0x000000585fd00000)]
  0x000001e24406d000 JavaThread "Unconstrained build operations Thread 87" [_thread_blocked, id=25060, stack(0x000000585fd00000,0x000000585fe00000)]
  0x000001e244067800 JavaThread "Unconstrained build operations Thread 88" [_thread_blocked, id=10932, stack(0x000000585fe00000,0x000000585ff00000)]
  0x000001e24406b800 JavaThread "Unconstrained build operations Thread 89" [_thread_blocked, id=23340, stack(0x000000585ff00000,0x0000005860000000)]
  0x000001e24406a800 JavaThread "Unconstrained build operations Thread 90" [_thread_blocked, id=24944, stack(0x0000005860000000,0x0000005860100000)]
  0x000001e244069800 JavaThread "Unconstrained build operations Thread 91" [_thread_blocked, id=5272, stack(0x0000005860100000,0x0000005860200000)]
  0x000001e24406c000 JavaThread "Unconstrained build operations Thread 92" [_thread_blocked, id=21876, stack(0x0000005860200000,0x0000005860300000)]
  0x000001e24406e000 JavaThread "Unconstrained build operations Thread 93" [_thread_blocked, id=27100, stack(0x0000005860300000,0x0000005860400000)]
  0x000001e244069000 JavaThread "Unconstrained build operations Thread 94" [_thread_blocked, id=22656, stack(0x0000005860400000,0x0000005860500000)]
  0x000001e244068000 JavaThread "Unconstrained build operations Thread 95" [_thread_blocked, id=26440, stack(0x0000005860500000,0x0000005860600000)]
  0x000001e24406f800 JavaThread "Unconstrained build operations Thread 96" [_thread_blocked, id=12520, stack(0x0000005860600000,0x0000005860700000)]
  0x000001e244071000 JavaThread "Unconstrained build operations Thread 97" [_thread_blocked, id=4368, stack(0x0000005860700000,0x0000005860800000)]
  0x000001e24406e800 JavaThread "Unconstrained build operations Thread 98" [_thread_blocked, id=27336, stack(0x0000005860800000,0x0000005860900000)]
  0x000001e244072000 JavaThread "Unconstrained build operations Thread 99" [_thread_blocked, id=27624, stack(0x0000005860900000,0x0000005860a00000)]
  0x000001e244076000 JavaThread "Unconstrained build operations Thread 100" [_thread_blocked, id=12772, stack(0x0000005860a00000,0x0000005860b00000)]
  0x000001e244075000 JavaThread "Unconstrained build operations Thread 101" [_thread_blocked, id=25260, stack(0x0000005860b00000,0x0000005860c00000)]
  0x000001e244072800 JavaThread "Unconstrained build operations Thread 102" [_thread_blocked, id=10120, stack(0x0000005860c00000,0x0000005860d00000)]
  0x000001e244073800 JavaThread "Unconstrained build operations Thread 103" [_thread_blocked, id=26008, stack(0x0000005860d00000,0x0000005860e00000)]
  0x000001e244070800 JavaThread "Unconstrained build operations Thread 104" [_thread_blocked, id=25544, stack(0x0000005860e00000,0x0000005860f00000)]
  0x000001e244074800 JavaThread "Unconstrained build operations Thread 105" [_thread_blocked, id=23292, stack(0x0000005860f00000,0x0000005861000000)]
  0x000001e2541cc800 JavaThread "Unconstrained build operations Thread 106" [_thread_blocked, id=24292, stack(0x0000005861000000,0x0000005861100000)]
  0x000001e2541cc000 JavaThread "Unconstrained build operations Thread 107" [_thread_blocked, id=25032, stack(0x0000005861100000,0x0000005861200000)]
  0x000001e2541d3000 JavaThread "Unconstrained build operations Thread 108" [_thread_blocked, id=21396, stack(0x0000005861200000,0x0000005861300000)]
  0x000001e2541d1000 JavaThread "Unconstrained build operations Thread 109" [_thread_blocked, id=22252, stack(0x0000005861300000,0x0000005861400000)]
  0x000001e2541d1800 JavaThread "Unconstrained build operations Thread 110" [_thread_blocked, id=12248, stack(0x0000005861400000,0x0000005861500000)]
  0x000001e2541ce800 JavaThread "Unconstrained build operations Thread 111" [_thread_blocked, id=11764, stack(0x0000005861500000,0x0000005861600000)]
  0x000001e2541d0000 JavaThread "Unconstrained build operations Thread 112" [_thread_blocked, id=13476, stack(0x0000005861600000,0x0000005861700000)]
  0x000001e2541d2800 JavaThread "Unconstrained build operations Thread 113" [_thread_blocked, id=25820, stack(0x0000005861700000,0x0000005861800000)]
  0x000001e2541cd800 JavaThread "Unconstrained build operations Thread 114" [_thread_blocked, id=3036, stack(0x0000005861800000,0x0000005861900000)]
  0x000001e2541d4000 JavaThread "Unconstrained build operations Thread 115" [_thread_blocked, id=9856, stack(0x0000005861900000,0x0000005861a00000)]
  0x000001e2541d5000 JavaThread "Unconstrained build operations Thread 116" [_thread_blocked, id=24924, stack(0x0000005861a00000,0x0000005861b00000)]
  0x000001e2541cf000 JavaThread "Unconstrained build operations Thread 117" [_thread_blocked, id=13648, stack(0x0000005861b00000,0x0000005861c00000)]
  0x000001e2541d5800 JavaThread "Unconstrained build operations Thread 118" [_thread_blocked, id=27372, stack(0x0000005861c00000,0x0000005861d00000)]
  0x000001e2541d9800 JavaThread "Unconstrained build operations Thread 119" [_thread_blocked, id=25848, stack(0x0000005861d00000,0x0000005861e00000)]
  0x000001e2541da800 JavaThread "Unconstrained build operations Thread 120" [_thread_blocked, id=25200, stack(0x0000005861e00000,0x0000005861f00000)]

Other Threads:
  0x000001e23d7d8800 VMThread "VM Thread" [stack: 0x0000005855e00000,0x0000005855f00000] [id=17220]
  0x000001e23e2f2800 WatcherThread [stack: 0x0000005856800000,0x0000005856900000] [id=23912]
  0x000001e21d3b7000 GCTaskThread "GC Thread#0" [stack: 0x0000005855900000,0x0000005855a00000] [id=19412]
  0x000001e23ec55800 GCTaskThread "GC Thread#1" [stack: 0x0000005856900000,0x0000005856a00000] [id=7588]
  0x000001e240385800 GCTaskThread "GC Thread#2" [stack: 0x0000005857400000,0x0000005857500000] [id=21756]
  0x000001e240358000 GCTaskThread "GC Thread#3" [stack: 0x0000005857500000,0x0000005857600000] [id=22600]
  0x000001e240380000 GCTaskThread "GC Thread#4" [stack: 0x0000005857600000,0x0000005857700000] [id=4324]
  0x000001e240380800 GCTaskThread "GC Thread#5" [stack: 0x0000005857700000,0x0000005857800000] [id=3400]
  0x000001e2401be800 GCTaskThread "GC Thread#6" [stack: 0x0000005857800000,0x0000005857900000] [id=23924]
  0x000001e2401bf000 GCTaskThread "GC Thread#7" [stack: 0x0000005857900000,0x0000005857a00000] [id=23524]
  0x000001e2401bf800 GCTaskThread "GC Thread#8" [stack: 0x0000005857a00000,0x0000005857b00000] [id=20464]
  0x000001e2401b7000 GCTaskThread "GC Thread#9" [stack: 0x0000005857b00000,0x0000005857c00000] [id=20720]
  0x000001e21d3ea000 ConcurrentGCThread "G1 Main Marker" [stack: 0x0000005855a00000,0x0000005855b00000] [id=12128]
  0x000001e21d3ed800 ConcurrentGCThread "G1 Conc#0" [stack: 0x0000005855b00000,0x0000005855c00000] [id=21588]
  0x000001e2404ce000 ConcurrentGCThread "G1 Conc#1" [stack: 0x0000005857f00000,0x0000005858000000] [id=10872]
  0x000001e2404dc800 ConcurrentGCThread "G1 Conc#2" [stack: 0x0000005858000000,0x0000005858100000] [id=12504]
  0x000001e23d648800 ConcurrentGCThread "G1 Refine#0" [stack: 0x0000005855c00000,0x0000005855d00000] [id=10576]
  0x000001e23ea62000 ConcurrentGCThread "G1 Refine#1" [stack: 0x0000005857c00000,0x0000005857d00000] [id=23792]
  0x000001e2401b9000 ConcurrentGCThread "G1 Refine#2" [stack: 0x0000005857d00000,0x0000005857e00000] [id=16828]
  0x000001e23d649800 ConcurrentGCThread "G1 Young RemSet Sampling" [stack: 0x0000005855d00000,0x0000005855e00000] [id=6656]

Threads with active compile tasks:
C2 CompilerThread0  4204759 19236       4       org.gradle.internal.operations.DefaultBuildOperationRunner$BuildOperationTrackingListener::stop (36 bytes)

VM state:not at safepoint (normal execution)

VM Mutex/Monitor currently owned by a thread: None

Heap address: 0x0000000080000000, size: 2048 MB, Compressed Oops mode: 32-bit
Narrow klass base: 0x0000000000000000, Narrow klass shift: 3
Compressed class space size: 528482304 Address: 0x0000000100000000

Heap:
 garbage-first heap   total 253952K, used 190947K [0x0000000080000000, 0x0000000100000000)
  region size 1024K, 17 young (17408K), 3 survivors (3072K)
 Metaspace       used 162839K, capacity 167650K, committed 167884K, reserved 661504K
  class space    used 20872K, capacity 22691K, committed 22732K, reserved 516096K
Heap Regions: E=young(eden), S=young(survivor), O=old, HS=humongous(starts), HC=humongous(continues), CS=collection set, F=free, A=archive, TAMS=top-at-mark-start (previous, next)
|   0|0x0000000080000000, 0x0000000080100000, 0x0000000080100000|100%|HS|  |TAMS 0x0000000080100000, 0x0000000080100000| Complete 
|   1|0x0000000080100000, 0x0000000080200000, 0x0000000080200000|100%|HC|  |TAMS 0x0000000080200000, 0x0000000080200000| Complete 
|   2|0x0000000080200000, 0x0000000080300000, 0x0000000080300000|100%|HC|  |TAMS 0x0000000080300000, 0x0000000080300000| Complete 
|   3|0x0000000080300000, 0x0000000080400000, 0x0000000080400000|100%|HC|  |TAMS 0x0000000080400000, 0x0000000080400000| Complete 
|   4|0x0000000080400000, 0x0000000080500000, 0x0000000080500000|100%| O|  |TAMS 0x0000000080500000, 0x0000000080500000| Untracked 
|   5|0x0000000080500000, 0x0000000080600000, 0x0000000080600000|100%| O|  |TAMS 0x0000000080600000, 0x0000000080600000| Untracked 
|   6|0x0000000080600000, 0x0000000080700000, 0x0000000080700000|100%| O|  |TAMS 0x0000000080700000, 0x0000000080700000| Untracked 
|   7|0x0000000080700000, 0x0000000080800000, 0x0000000080800000|100%| O|  |TAMS 0x0000000080800000, 0x0000000080800000| Untracked 
|   8|0x0000000080800000, 0x0000000080900000, 0x0000000080900000|100%| O|  |TAMS 0x0000000080900000, 0x0000000080900000| Untracked 
|   9|0x0000000080900000, 0x0000000080a00000, 0x0000000080a00000|100%| O|  |TAMS 0x0000000080a00000, 0x0000000080a00000| Untracked 
|  10|0x0000000080a00000, 0x0000000080b00000, 0x0000000080b00000|100%| O|  |TAMS 0x0000000080b00000, 0x0000000080b00000| Untracked 
|  11|0x0000000080b00000, 0x0000000080c00000, 0x0000000080c00000|100%| O|  |TAMS 0x0000000080c00000, 0x0000000080c00000| Untracked 
|  12|0x0000000080c00000, 0x0000000080d00000, 0x0000000080d00000|100%| O|  |TAMS 0x0000000080d00000, 0x0000000080d00000| Untracked 
|  13|0x0000000080d00000, 0x0000000080e00000, 0x0000000080e00000|100%| O|  |TAMS 0x0000000080e00000, 0x0000000080e00000| Untracked 
|  14|0x0000000080e00000, 0x0000000080f00000, 0x0000000080f00000|100%| O|  |TAMS 0x0000000080f00000, 0x0000000080f00000| Untracked 
|  15|0x0000000080f00000, 0x0000000081000000, 0x0000000081000000|100%| O|  |TAMS 0x0000000081000000, 0x0000000081000000| Untracked 
|  16|0x0000000081000000, 0x0000000081100000, 0x0000000081100000|100%| O|  |TAMS 0x0000000081100000, 0x0000000081100000| Untracked 
|  17|0x0000000081100000, 0x0000000081200000, 0x0000000081200000|100%| O|  |TAMS 0x0000000081200000, 0x0000000081200000| Untracked 
|  18|0x0000000081200000, 0x0000000081300000, 0x0000000081300000|100%| O|  |TAMS 0x0000000081300000, 0x0000000081300000| Untracked 
|  19|0x0000000081300000, 0x0000000081400000, 0x0000000081400000|100%| O|  |TAMS 0x0000000081300000, 0x0000000081400000| Untracked 
|  20|0x0000000081400000, 0x0000000081500000, 0x0000000081500000|100%| O|  |TAMS 0x0000000081500000, 0x0000000081500000| Untracked 
|  21|0x0000000081500000, 0x0000000081600000, 0x0000000081600000|100%| O|  |TAMS 0x0000000081600000, 0x0000000081600000| Untracked 
|  22|0x0000000081600000, 0x0000000081700000, 0x0000000081700000|100%| O|  |TAMS 0x0000000081700000, 0x0000000081700000| Untracked 
|  23|0x0000000081700000, 0x0000000081800000, 0x0000000081800000|100%| O|  |TAMS 0x0000000081800000, 0x0000000081800000| Untracked 
|  24|0x0000000081800000, 0x0000000081900000, 0x0000000081900000|100%| O|  |TAMS 0x0000000081900000, 0x0000000081900000| Untracked 
|  25|0x0000000081900000, 0x0000000081a00000, 0x0000000081a00000|100%| O|  |TAMS 0x0000000081a00000, 0x0000000081a00000| Untracked 
|  26|0x0000000081a00000, 0x0000000081b00000, 0x0000000081b00000|100%| O|  |TAMS 0x0000000081b00000, 0x0000000081b00000| Untracked 
|  27|0x0000000081b00000, 0x0000000081c00000, 0x0000000081c00000|100%| O|  |TAMS 0x0000000081c00000, 0x0000000081c00000| Untracked 
|  28|0x0000000081c00000, 0x0000000081d00000, 0x0000000081d00000|100%| O|  |TAMS 0x0000000081d00000, 0x0000000081d00000| Untracked 
|  29|0x0000000081d00000, 0x0000000081e00000, 0x0000000081e00000|100%| O|  |TAMS 0x0000000081e00000, 0x0000000081e00000| Untracked 
|  30|0x0000000081e00000, 0x0000000081f00000, 0x0000000081f00000|100%| O|  |TAMS 0x0000000081f00000, 0x0000000081f00000| Untracked 
|  31|0x0000000081f00000, 0x0000000082000000, 0x0000000082000000|100%| O|  |TAMS 0x0000000082000000, 0x0000000082000000| Untracked 
|  32|0x0000000082000000, 0x0000000082100000, 0x0000000082100000|100%| O|  |TAMS 0x0000000082100000, 0x0000000082100000| Untracked 
|  33|0x0000000082100000, 0x0000000082200000, 0x0000000082200000|100%| O|  |TAMS 0x0000000082200000, 0x0000000082200000| Untracked 
|  34|0x0000000082200000, 0x0000000082300000, 0x0000000082300000|100%| O|  |TAMS 0x0000000082300000, 0x0000000082300000| Untracked 
|  35|0x0000000082300000, 0x0000000082400000, 0x0000000082400000|100%| O|  |TAMS 0x0000000082400000, 0x0000000082400000| Untracked 
|  36|0x0000000082400000, 0x0000000082500000, 0x0000000082500000|100%| O|  |TAMS 0x0000000082500000, 0x0000000082500000| Untracked 
|  37|0x0000000082500000, 0x0000000082600000, 0x0000000082600000|100%| O|  |TAMS 0x0000000082600000, 0x0000000082600000| Untracked 
|  38|0x0000000082600000, 0x0000000082700000, 0x0000000082700000|100%| O|  |TAMS 0x0000000082700000, 0x0000000082700000| Untracked 
|  39|0x0000000082700000, 0x0000000082800000, 0x0000000082800000|100%| O|  |TAMS 0x0000000082800000, 0x0000000082800000| Untracked 
|  40|0x0000000082800000, 0x0000000082900000, 0x0000000082900000|100%| O|  |TAMS 0x0000000082900000, 0x0000000082900000| Untracked 
|  41|0x0000000082900000, 0x0000000082a00000, 0x0000000082a00000|100%| O|  |TAMS 0x0000000082a00000, 0x0000000082a00000| Untracked 
|  42|0x0000000082a00000, 0x0000000082b00000, 0x0000000082b00000|100%|HS|  |TAMS 0x0000000082b00000, 0x0000000082b00000| Complete 
|  43|0x0000000082b00000, 0x0000000082c00000, 0x0000000082c00000|100%|HC|  |TAMS 0x0000000082c00000, 0x0000000082c00000| Complete 
|  44|0x0000000082c00000, 0x0000000082d00000, 0x0000000082d00000|100%|HS|  |TAMS 0x0000000082d00000, 0x0000000082d00000| Complete 
|  45|0x0000000082d00000, 0x0000000082e00000, 0x0000000082e00000|100%|HC|  |TAMS 0x0000000082e00000, 0x0000000082e00000| Complete 
|  46|0x0000000082e00000, 0x0000000082f00000, 0x0000000082f00000|100%|HC|  |TAMS 0x0000000082f00000, 0x0000000082f00000| Complete 
|  47|0x0000000082f00000, 0x0000000083000000, 0x0000000083000000|100%|HC|  |TAMS 0x0000000083000000, 0x0000000083000000| Complete 
|  48|0x0000000083000000, 0x0000000083100000, 0x0000000083100000|100%| O|  |TAMS 0x0000000083100000, 0x0000000083100000| Untracked 
|  49|0x0000000083100000, 0x0000000083200000, 0x0000000083200000|100%| O|  |TAMS 0x0000000083200000, 0x0000000083200000| Untracked 
|  50|0x0000000083200000, 0x0000000083300000, 0x0000000083300000|100%| O|  |TAMS 0x0000000083300000, 0x0000000083300000| Untracked 
|  51|0x0000000083300000, 0x0000000083400000, 0x0000000083400000|100%| O|  |TAMS 0x0000000083400000, 0x0000000083400000| Untracked 
|  52|0x0000000083400000, 0x0000000083500000, 0x0000000083500000|100%| O|  |TAMS 0x0000000083500000, 0x0000000083500000| Untracked 
|  53|0x0000000083500000, 0x0000000083600000, 0x0000000083600000|100%| O|  |TAMS 0x0000000083600000, 0x0000000083600000| Untracked 
|  54|0x0000000083600000, 0x0000000083700000, 0x0000000083700000|100%| O|  |TAMS 0x0000000083700000, 0x0000000083700000| Untracked 
|  55|0x0000000083700000, 0x0000000083800000, 0x0000000083800000|100%| O|  |TAMS 0x0000000083800000, 0x0000000083800000| Untracked 
|  56|0x0000000083800000, 0x0000000083900000, 0x0000000083900000|100%| O|  |TAMS 0x0000000083900000, 0x0000000083900000| Untracked 
|  57|0x0000000083900000, 0x0000000083a00000, 0x0000000083a00000|100%| O|  |TAMS 0x0000000083a00000, 0x0000000083a00000| Untracked 
|  58|0x0000000083a00000, 0x0000000083b00000, 0x0000000083b00000|100%|HS|  |TAMS 0x0000000083b00000, 0x0000000083b00000| Complete 
|  59|0x0000000083b00000, 0x0000000083c00000, 0x0000000083c00000|100%|HC|  |TAMS 0x0000000083c00000, 0x0000000083c00000| Complete 
|  60|0x0000000083c00000, 0x0000000083d00000, 0x0000000083d00000|100%|HC|  |TAMS 0x0000000083d00000, 0x0000000083d00000| Complete 
|  61|0x0000000083d00000, 0x0000000083e00000, 0x0000000083e00000|100%|HC|  |TAMS 0x0000000083e00000, 0x0000000083e00000| Complete 
|  62|0x0000000083e00000, 0x0000000083f00000, 0x0000000083f00000|100%| O|  |TAMS 0x0000000083f00000, 0x0000000083f00000| Untracked 
|  63|0x0000000083f00000, 0x0000000084000000, 0x0000000084000000|100%| O|  |TAMS 0x0000000084000000, 0x0000000084000000| Untracked 
|  64|0x0000000084000000, 0x0000000084100000, 0x0000000084100000|100%| O|  |TAMS 0x0000000084100000, 0x0000000084100000| Untracked 
|  65|0x0000000084100000, 0x0000000084200000, 0x0000000084200000|100%| O|  |TAMS 0x0000000084200000, 0x0000000084200000| Untracked 
|  66|0x0000000084200000, 0x0000000084300000, 0x0000000084300000|100%| O|  |TAMS 0x0000000084300000, 0x0000000084300000| Untracked 
|  67|0x0000000084300000, 0x0000000084400000, 0x0000000084400000|100%| O|  |TAMS 0x0000000084400000, 0x0000000084400000| Untracked 
|  68|0x0000000084400000, 0x0000000084500000, 0x0000000084500000|100%| O|  |TAMS 0x0000000084500000, 0x0000000084500000| Untracked 
|  69|0x0000000084500000, 0x0000000084600000, 0x0000000084600000|100%| O|  |TAMS 0x0000000084600000, 0x0000000084600000| Untracked 
|  70|0x0000000084600000, 0x0000000084700000, 0x0000000084700000|100%| O|  |TAMS 0x0000000084700000, 0x0000000084700000| Untracked 
|  71|0x0000000084700000, 0x0000000084800000, 0x0000000084800000|100%| O|  |TAMS 0x0000000084700000, 0x0000000084800000| Untracked 
|  72|0x0000000084800000, 0x0000000084900000, 0x0000000084900000|100%| O|  |TAMS 0x0000000084900000, 0x0000000084900000| Untracked 
|  73|0x0000000084900000, 0x0000000084a00000, 0x0000000084a00000|100%| O|  |TAMS 0x0000000084a00000, 0x0000000084a00000| Untracked 
|  74|0x0000000084a00000, 0x0000000084b00000, 0x0000000084b00000|100%| O|  |TAMS 0x0000000084b00000, 0x0000000084b00000| Untracked 
|  75|0x0000000084b00000, 0x0000000084c00000, 0x0000000084c00000|100%| O|  |TAMS 0x0000000084c00000, 0x0000000084c00000| Untracked 
|  76|0x0000000084c00000, 0x0000000084d00000, 0x0000000084d00000|100%| O|  |TAMS 0x0000000084d00000, 0x0000000084d00000| Untracked 
|  77|0x0000000084d00000, 0x0000000084e00000, 0x0000000084e00000|100%| O|  |TAMS 0x0000000084e00000, 0x0000000084e00000| Untracked 
|  78|0x0000000084e00000, 0x0000000084f00000, 0x0000000084f00000|100%| O|  |TAMS 0x0000000084f00000, 0x0000000084f00000| Untracked 
|  79|0x0000000084f00000, 0x0000000085000000, 0x0000000085000000|100%| O|  |TAMS 0x0000000085000000, 0x0000000085000000| Untracked 
|  80|0x0000000085000000, 0x0000000085100000, 0x0000000085100000|100%| O|  |TAMS 0x0000000085100000, 0x0000000085100000| Untracked 
|  81|0x0000000085100000, 0x0000000085200000, 0x0000000085200000|100%| O|  |TAMS 0x0000000085200000, 0x0000000085200000| Untracked 
|  82|0x0000000085200000, 0x0000000085300000, 0x0000000085300000|100%| O|  |TAMS 0x0000000085300000, 0x0000000085300000| Untracked 
|  83|0x0000000085300000, 0x0000000085400000, 0x0000000085400000|100%| O|  |TAMS 0x0000000085400000, 0x0000000085400000| Untracked 
|  84|0x0000000085400000, 0x0000000085500000, 0x0000000085500000|100%| O|  |TAMS 0x0000000085500000, 0x0000000085500000| Untracked 
|  85|0x0000000085500000, 0x0000000085600000, 0x0000000085600000|100%| O|  |TAMS 0x0000000085600000, 0x0000000085600000| Untracked 
|  86|0x0000000085600000, 0x0000000085700000, 0x0000000085700000|100%| O|  |TAMS 0x0000000085700000, 0x0000000085700000| Untracked 
|  87|0x0000000085700000, 0x0000000085800000, 0x0000000085800000|100%|HS|  |TAMS 0x0000000085800000, 0x0000000085800000| Complete 
|  88|0x0000000085800000, 0x0000000085900000, 0x0000000085900000|100%|HS|  |TAMS 0x0000000085900000, 0x0000000085900000| Complete 
|  89|0x0000000085900000, 0x0000000085a00000, 0x0000000085a00000|100%| O|  |TAMS 0x0000000085a00000, 0x0000000085a00000| Untracked 
|  90|0x0000000085a00000, 0x0000000085b00000, 0x0000000085b00000|100%| O|  |TAMS 0x0000000085b00000, 0x0000000085b00000| Untracked 
|  91|0x0000000085b00000, 0x0000000085c00000, 0x0000000085c00000|100%| O|  |TAMS 0x0000000085c00000, 0x0000000085c00000| Untracked 
|  92|0x0000000085c00000, 0x0000000085d00000, 0x0000000085d00000|100%| O|  |TAMS 0x0000000085d00000, 0x0000000085d00000| Untracked 
|  93|0x0000000085d00000, 0x0000000085e00000, 0x0000000085e00000|100%| O|  |TAMS 0x0000000085e00000, 0x0000000085e00000| Untracked 
|  94|0x0000000085e00000, 0x0000000085effff8, 0x0000000085f00000| 99%| O|  |TAMS 0x0000000085effff8, 0x0000000085effff8| Untracked 
|  95|0x0000000085f00000, 0x0000000086000000, 0x0000000086000000|100%| O|  |TAMS 0x0000000086000000, 0x0000000086000000| Untracked 
|  96|0x0000000086000000, 0x0000000086100000, 0x0000000086100000|100%| O|  |TAMS 0x0000000086100000, 0x0000000086100000| Untracked 
|  97|0x0000000086100000, 0x0000000086200000, 0x0000000086200000|100%| O|  |TAMS 0x0000000086200000, 0x0000000086200000| Untracked 
|  98|0x0000000086200000, 0x0000000086300000, 0x0000000086300000|100%| O|  |TAMS 0x0000000086300000, 0x0000000086300000| Untracked 
|  99|0x0000000086300000, 0x0000000086400000, 0x0000000086400000|100%| O|  |TAMS 0x0000000086400000, 0x0000000086400000| Untracked 
| 100|0x0000000086400000, 0x0000000086500000, 0x0000000086500000|100%| O|  |TAMS 0x0000000086400000, 0x0000000086500000| Untracked 
| 101|0x0000000086500000, 0x0000000086600000, 0x0000000086600000|100%| O|  |TAMS 0x0000000086600000, 0x0000000086600000| Untracked 
| 102|0x0000000086600000, 0x0000000086700000, 0x0000000086700000|100%|HS|  |TAMS 0x0000000086600000, 0x0000000086700000| Complete 
| 103|0x0000000086700000, 0x0000000086800000, 0x0000000086800000|100%|HC|  |TAMS 0x0000000086700000, 0x0000000086800000| Complete 
| 104|0x0000000086800000, 0x0000000086900000, 0x0000000086900000|100%|HS|  |TAMS 0x0000000086800000, 0x0000000086900000| Complete 
| 105|0x0000000086900000, 0x0000000086a00000, 0x0000000086a00000|100%|HC|  |TAMS 0x0000000086900000, 0x0000000086a00000| Complete 
| 106|0x0000000086a00000, 0x0000000086b00000, 0x0000000086b00000|100%|HC|  |TAMS 0x0000000086a00000, 0x0000000086b00000| Complete 
| 107|0x0000000086b00000, 0x0000000086c00000, 0x0000000086c00000|100%|HC|  |TAMS 0x0000000086b00000, 0x0000000086c00000| Complete 
| 108|0x0000000086c00000, 0x0000000086d00000, 0x0000000086d00000|100%| O|  |TAMS 0x0000000086c00000, 0x0000000086d00000| Untracked 
| 109|0x0000000086d00000, 0x0000000086e00000, 0x0000000086e00000|100%| O|  |TAMS 0x0000000086d00000, 0x0000000086e00000| Untracked 
| 110|0x0000000086e00000, 0x0000000086f00000, 0x0000000086f00000|100%| O|  |TAMS 0x0000000086e00000, 0x0000000086f00000| Untracked 
| 111|0x0000000086f00000, 0x0000000087000000, 0x0000000087000000|100%| O|  |TAMS 0x0000000086f00000, 0x0000000087000000| Untracked 
| 112|0x0000000087000000, 0x0000000087100000, 0x0000000087100000|100%| O|  |TAMS 0x0000000087000000, 0x0000000087100000| Untracked 
| 113|0x0000000087100000, 0x0000000087200000, 0x0000000087200000|100%| O|  |TAMS 0x0000000087200000, 0x0000000087200000| Untracked 
| 114|0x0000000087200000, 0x0000000087300000, 0x0000000087300000|100%| O|  |TAMS 0x0000000087300000, 0x0000000087300000| Untracked 
| 115|0x0000000087300000, 0x0000000087400000, 0x0000000087400000|100%| O|  |TAMS 0x0000000087400000, 0x0000000087400000| Untracked 
| 116|0x0000000087400000, 0x0000000087500000, 0x0000000087500000|100%| O|  |TAMS 0x0000000087500000, 0x0000000087500000| Untracked 
| 117|0x0000000087500000, 0x0000000087600000, 0x0000000087600000|100%| O|  |TAMS 0x0000000087600000, 0x0000000087600000| Untracked 
| 118|0x0000000087600000, 0x0000000087700000, 0x0000000087700000|100%| O|  |TAMS 0x0000000087700000, 0x0000000087700000| Untracked 
| 119|0x0000000087700000, 0x0000000087800000, 0x0000000087800000|100%| O|  |TAMS 0x0000000087800000, 0x0000000087800000| Untracked 
| 120|0x0000000087800000, 0x0000000087900000, 0x0000000087900000|100%| O|  |TAMS 0x0000000087900000, 0x0000000087900000| Untracked 
| 121|0x0000000087900000, 0x0000000087a00000, 0x0000000087a00000|100%| O|  |TAMS 0x0000000087a00000, 0x0000000087a00000| Untracked 
| 122|0x0000000087a00000, 0x0000000087b00000, 0x0000000087b00000|100%| O|  |TAMS 0x0000000087b00000, 0x0000000087b00000| Untracked 
| 123|0x0000000087b00000, 0x0000000087c00000, 0x0000000087c00000|100%| O|  |TAMS 0x0000000087c00000, 0x0000000087c00000| Untracked 
| 124|0x0000000087c00000, 0x0000000087d00000, 0x0000000087d00000|100%| O|  |TAMS 0x0000000087d00000, 0x0000000087d00000| Untracked 
| 125|0x0000000087d00000, 0x0000000087e00000, 0x0000000087e00000|100%| O|  |TAMS 0x0000000087e00000, 0x0000000087e00000| Untracked 
| 126|0x0000000087e00000, 0x0000000087f00000, 0x0000000087f00000|100%| O|  |TAMS 0x0000000087f00000, 0x0000000087f00000| Untracked 
| 127|0x0000000087f00000, 0x0000000088000000, 0x0000000088000000|100%| O|  |TAMS 0x0000000088000000, 0x0000000088000000| Untracked 
| 128|0x0000000088000000, 0x0000000088100000, 0x0000000088100000|100%| O|  |TAMS 0x0000000088100000, 0x0000000088100000| Untracked 
| 129|0x0000000088100000, 0x0000000088200000, 0x0000000088200000|100%| O|  |TAMS 0x0000000088200000, 0x0000000088200000| Untracked 
| 130|0x0000000088200000, 0x0000000088300000, 0x0000000088300000|100%| O|  |TAMS 0x0000000088300000, 0x0000000088300000| Untracked 
| 131|0x0000000088300000, 0x0000000088400000, 0x0000000088400000|100%| O|  |TAMS 0x0000000088400000, 0x0000000088400000| Untracked 
| 132|0x0000000088400000, 0x0000000088500000, 0x0000000088500000|100%| O|  |TAMS 0x0000000088500000, 0x0000000088500000| Untracked 
| 133|0x0000000088500000, 0x0000000088600000, 0x0000000088600000|100%| O|  |TAMS 0x0000000088600000, 0x0000000088600000| Untracked 
| 134|0x0000000088600000, 0x0000000088700000, 0x0000000088700000|100%| O|  |TAMS 0x0000000088700000, 0x0000000088700000| Untracked 
| 135|0x0000000088700000, 0x0000000088800000, 0x0000000088800000|100%| O|  |TAMS 0x0000000088800000, 0x0000000088800000| Untracked 
| 136|0x0000000088800000, 0x0000000088900000, 0x0000000088900000|100%| O|  |TAMS 0x00000000888a2400, 0x0000000088900000| Untracked 
| 137|0x0000000088900000, 0x0000000088a00000, 0x0000000088a00000|100%| O|  |TAMS 0x0000000088900000, 0x0000000088a00000| Untracked 
| 138|0x0000000088a00000, 0x0000000088b00000, 0x0000000088b00000|100%| O|  |TAMS 0x0000000088a00000, 0x0000000088b00000| Untracked 
| 139|0x0000000088b00000, 0x0000000088c00000, 0x0000000088c00000|100%| O|  |TAMS 0x0000000088b00000, 0x0000000088c00000| Untracked 
| 140|0x0000000088c00000, 0x0000000088d00000, 0x0000000088d00000|100%| O|  |TAMS 0x0000000088c00000, 0x0000000088d00000| Untracked 
| 141|0x0000000088d00000, 0x0000000088e00000, 0x0000000088e00000|100%| O|  |TAMS 0x0000000088d00000, 0x0000000088e00000| Untracked 
| 142|0x0000000088e00000, 0x0000000088f00000, 0x0000000088f00000|100%| O|  |TAMS 0x0000000088e00000, 0x0000000088f00000| Untracked 
| 143|0x0000000088f00000, 0x0000000089000000, 0x0000000089000000|100%|HS|  |TAMS 0x0000000088f00000, 0x0000000089000000| Complete 
| 144|0x0000000089000000, 0x0000000089100000, 0x0000000089100000|100%|HS|  |TAMS 0x0000000089000000, 0x0000000089100000| Complete 
| 145|0x0000000089100000, 0x0000000089200000, 0x0000000089200000|100%|HS|  |TAMS 0x0000000089100000, 0x0000000089200000| Complete 
| 146|0x0000000089200000, 0x0000000089300000, 0x0000000089300000|100%|HS|  |TAMS 0x0000000089200000, 0x0000000089300000| Complete 
| 147|0x0000000089300000, 0x0000000089400000, 0x0000000089400000|100%|HC|  |TAMS 0x0000000089300000, 0x0000000089400000| Complete 
| 148|0x0000000089400000, 0x0000000089500000, 0x0000000089500000|100%|HC|  |TAMS 0x0000000089400000, 0x0000000089500000| Complete 
| 149|0x0000000089500000, 0x0000000089600000, 0x0000000089600000|100%|HS|  |TAMS 0x0000000089500000, 0x0000000089600000| Complete 
| 150|0x0000000089600000, 0x0000000089700000, 0x0000000089700000|100%|HC|  |TAMS 0x0000000089600000, 0x0000000089700000| Complete 
| 151|0x0000000089700000, 0x0000000089800000, 0x0000000089800000|100%| O|  |TAMS 0x0000000089700000, 0x0000000089800000| Untracked 
| 152|0x0000000089800000, 0x0000000089900000, 0x0000000089900000|100%| O|  |TAMS 0x0000000089800000, 0x0000000089900000| Untracked 
| 153|0x0000000089900000, 0x0000000089a00000, 0x0000000089a00000|100%| O|  |TAMS 0x0000000089900000, 0x0000000089a00000| Untracked 
| 154|0x0000000089a00000, 0x0000000089b00000, 0x0000000089b00000|100%| O|  |TAMS 0x0000000089a00000, 0x0000000089b00000| Untracked 
| 155|0x0000000089b00000, 0x0000000089c00000, 0x0000000089c00000|100%| O|  |TAMS 0x0000000089b00000, 0x0000000089c00000| Untracked 
| 156|0x0000000089c00000, 0x0000000089d00000, 0x0000000089d00000|100%| O|  |TAMS 0x0000000089c00000, 0x0000000089d00000| Untracked 
| 157|0x0000000089d00000, 0x0000000089e00000, 0x0000000089e00000|100%| O|  |TAMS 0x0000000089d00000, 0x0000000089e00000| Untracked 
| 158|0x0000000089e00000, 0x0000000089f00000, 0x0000000089f00000|100%| O|  |TAMS 0x0000000089e00000, 0x0000000089f00000| Untracked 
| 159|0x0000000089f00000, 0x000000008a000000, 0x000000008a000000|100%| O|  |TAMS 0x0000000089f00000, 0x000000008a000000| Untracked 
| 160|0x000000008a000000, 0x000000008a100000, 0x000000008a100000|100%| O|  |TAMS 0x000000008a000000, 0x000000008a100000| Untracked 
| 161|0x000000008a100000, 0x000000008a200000, 0x000000008a200000|100%| O|  |TAMS 0x000000008a100000, 0x000000008a200000| Untracked 
| 162|0x000000008a200000, 0x000000008a300000, 0x000000008a300000|100%| O|  |TAMS 0x000000008a200000, 0x000000008a300000| Untracked 
| 163|0x000000008a300000, 0x000000008a400000, 0x000000008a400000|100%| O|  |TAMS 0x000000008a300000, 0x000000008a400000| Untracked 
| 164|0x000000008a400000, 0x000000008a500000, 0x000000008a500000|100%| O|  |TAMS 0x000000008a400000, 0x000000008a500000| Untracked 
| 165|0x000000008a500000, 0x000000008a600000, 0x000000008a600000|100%| O|  |TAMS 0x000000008a500000, 0x000000008a600000| Untracked 
| 166|0x000000008a600000, 0x000000008a700000, 0x000000008a700000|100%| O|  |TAMS 0x000000008a600000, 0x000000008a700000| Untracked 
| 167|0x000000008a700000, 0x000000008a800000, 0x000000008a800000|100%| O|  |TAMS 0x000000008a700000, 0x000000008a800000| Untracked 
| 168|0x000000008a800000, 0x000000008a900000, 0x000000008a900000|100%| O|  |TAMS 0x000000008a800000, 0x000000008a900000| Untracked 
| 169|0x000000008a900000, 0x000000008aa00000, 0x000000008aa00000|100%| O|  |TAMS 0x000000008a900000, 0x000000008aa00000| Untracked 
| 170|0x000000008aa00000, 0x000000008aadaa00, 0x000000008ab00000| 85%| O|  |TAMS 0x000000008aa00000, 0x000000008aadaa00| Untracked 
| 171|0x000000008ab00000, 0x000000008ab00000, 0x000000008ac00000|  0%| F|  |TAMS 0x000000008ab00000, 0x000000008ab00000| Untracked 
| 172|0x000000008ac00000, 0x000000008ac00000, 0x000000008ad00000|  0%| F|  |TAMS 0x000000008ac00000, 0x000000008ac00000| Untracked 
| 173|0x000000008ad00000, 0x000000008ad00000, 0x000000008ae00000|  0%| F|  |TAMS 0x000000008ad00000, 0x000000008ad00000| Untracked 
| 174|0x000000008ae00000, 0x000000008ae00000, 0x000000008af00000|  0%| F|  |TAMS 0x000000008ae00000, 0x000000008ae00000| Untracked 
| 175|0x000000008af00000, 0x000000008af00000, 0x000000008b000000|  0%| F|  |TAMS 0x000000008af00000, 0x000000008af00000| Untracked 
| 176|0x000000008b000000, 0x000000008b000000, 0x000000008b100000|  0%| F|  |TAMS 0x000000008b000000, 0x000000008b000000| Untracked 
| 177|0x000000008b100000, 0x000000008b100000, 0x000000008b200000|  0%| F|  |TAMS 0x000000008b100000, 0x000000008b100000| Untracked 
| 178|0x000000008b200000, 0x000000008b200000, 0x000000008b300000|  0%| F|  |TAMS 0x000000008b200000, 0x000000008b200000| Untracked 
| 179|0x000000008b300000, 0x000000008b300000, 0x000000008b400000|  0%| F|  |TAMS 0x000000008b300000, 0x000000008b300000| Untracked 
| 180|0x000000008b400000, 0x000000008b400000, 0x000000008b500000|  0%| F|  |TAMS 0x000000008b400000, 0x000000008b400000| Untracked 
| 181|0x000000008b500000, 0x000000008b500000, 0x000000008b600000|  0%| F|  |TAMS 0x000000008b500000, 0x000000008b500000| Untracked 
| 182|0x000000008b600000, 0x000000008b600000, 0x000000008b700000|  0%| F|  |TAMS 0x000000008b600000, 0x000000008b600000| Untracked 
| 183|0x000000008b700000, 0x000000008b700000, 0x000000008b800000|  0%| F|  |TAMS 0x000000008b700000, 0x000000008b700000| Untracked 
| 184|0x000000008b800000, 0x000000008b800000, 0x000000008b900000|  0%| F|  |TAMS 0x000000008b800000, 0x000000008b800000| Untracked 
| 185|0x000000008b900000, 0x000000008b900000, 0x000000008ba00000|  0%| F|  |TAMS 0x000000008b900000, 0x000000008b900000| Untracked 
| 186|0x000000008ba00000, 0x000000008ba00000, 0x000000008bb00000|  0%| F|  |TAMS 0x000000008ba00000, 0x000000008ba00000| Untracked 
| 187|0x000000008bb00000, 0x000000008bb00000, 0x000000008bc00000|  0%| F|  |TAMS 0x000000008bb00000, 0x000000008bb00000| Untracked 
| 188|0x000000008bc00000, 0x000000008bc00000, 0x000000008bd00000|  0%| F|  |TAMS 0x000000008bc00000, 0x000000008bc00000| Untracked 
| 189|0x000000008bd00000, 0x000000008bd00000, 0x000000008be00000|  0%| F|  |TAMS 0x000000008bd00000, 0x000000008bd00000| Untracked 
| 190|0x000000008be00000, 0x000000008be00000, 0x000000008bf00000|  0%| F|  |TAMS 0x000000008be00000, 0x000000008be00000| Untracked 
| 191|0x000000008bf00000, 0x000000008bf00000, 0x000000008c000000|  0%| F|  |TAMS 0x000000008bf00000, 0x000000008bf00000| Untracked 
| 192|0x000000008c000000, 0x000000008c000000, 0x000000008c100000|  0%| F|  |TAMS 0x000000008c000000, 0x000000008c000000| Untracked 
| 193|0x000000008c100000, 0x000000008c100000, 0x000000008c200000|  0%| F|  |TAMS 0x000000008c100000, 0x000000008c100000| Untracked 
| 194|0x000000008c200000, 0x000000008c200000, 0x000000008c300000|  0%| F|  |TAMS 0x000000008c200000, 0x000000008c200000| Untracked 
| 195|0x000000008c300000, 0x000000008c300000, 0x000000008c400000|  0%| F|  |TAMS 0x000000008c300000, 0x000000008c300000| Untracked 
| 196|0x000000008c400000, 0x000000008c400000, 0x000000008c500000|  0%| F|  |TAMS 0x000000008c400000, 0x000000008c400000| Untracked 
| 197|0x000000008c500000, 0x000000008c500000, 0x000000008c600000|  0%| F|  |TAMS 0x000000008c500000, 0x000000008c500000| Untracked 
| 198|0x000000008c600000, 0x000000008c600000, 0x000000008c700000|  0%| F|  |TAMS 0x000000008c600000, 0x000000008c600000| Untracked 
| 199|0x000000008c700000, 0x000000008c700000, 0x000000008c800000|  0%| F|  |TAMS 0x000000008c700000, 0x000000008c700000| Untracked 
| 200|0x000000008c800000, 0x000000008c800000, 0x000000008c900000|  0%| F|  |TAMS 0x000000008c800000, 0x000000008c800000| Untracked 
| 201|0x000000008c900000, 0x000000008c900000, 0x000000008ca00000|  0%| F|  |TAMS 0x000000008c900000, 0x000000008c900000| Untracked 
| 202|0x000000008ca00000, 0x000000008ca00000, 0x000000008cb00000|  0%| F|  |TAMS 0x000000008ca00000, 0x000000008ca00000| Untracked 
| 203|0x000000008cb00000, 0x000000008cb00000, 0x000000008cc00000|  0%| F|  |TAMS 0x000000008cb00000, 0x000000008cb00000| Untracked 
| 204|0x000000008cc00000, 0x000000008cc00000, 0x000000008cd00000|  0%| F|  |TAMS 0x000000008cc00000, 0x000000008cc00000| Untracked 
| 205|0x000000008cd00000, 0x000000008cd00000, 0x000000008ce00000|  0%| F|  |TAMS 0x000000008cd00000, 0x000000008cd00000| Untracked 
| 206|0x000000008ce00000, 0x000000008ce00000, 0x000000008cf00000|  0%| F|  |TAMS 0x000000008ce00000, 0x000000008ce00000| Untracked 
| 207|0x000000008cf00000, 0x000000008cf9e4b0, 0x000000008d000000| 61%| S|CS|TAMS 0x000000008cf00000, 0x000000008cf00000| Complete 
| 208|0x000000008d000000, 0x000000008d100000, 0x000000008d100000|100%| S|CS|TAMS 0x000000008d000000, 0x000000008d000000| Complete 
| 209|0x000000008d100000, 0x000000008d200000, 0x000000008d200000|100%| S|CS|TAMS 0x000000008d100000, 0x000000008d100000| Complete 
| 210|0x000000008d200000, 0x000000008d200000, 0x000000008d300000|  0%| F|  |TAMS 0x000000008d200000, 0x000000008d200000| Untracked 
| 211|0x000000008d300000, 0x000000008d300000, 0x000000008d400000|  0%| F|  |TAMS 0x000000008d300000, 0x000000008d300000| Untracked 
| 212|0x000000008d400000, 0x000000008d400000, 0x000000008d500000|  0%| F|  |TAMS 0x000000008d400000, 0x000000008d400000| Untracked 
| 213|0x000000008d500000, 0x000000008d500000, 0x000000008d600000|  0%| F|  |TAMS 0x000000008d500000, 0x000000008d500000| Untracked 
| 214|0x000000008d600000, 0x000000008d600000, 0x000000008d700000|  0%| F|  |TAMS 0x000000008d600000, 0x000000008d600000| Untracked 
| 215|0x000000008d700000, 0x000000008d700000, 0x000000008d800000|  0%| F|  |TAMS 0x000000008d700000, 0x000000008d700000| Untracked 
| 216|0x000000008d800000, 0x000000008d800000, 0x000000008d900000|  0%| F|  |TAMS 0x000000008d800000, 0x000000008d800000| Untracked 
| 217|0x000000008d900000, 0x000000008d900000, 0x000000008da00000|  0%| F|  |TAMS 0x000000008d900000, 0x000000008d900000| Untracked 
| 218|0x000000008da00000, 0x000000008da00000, 0x000000008db00000|  0%| F|  |TAMS 0x000000008da00000, 0x000000008da00000| Untracked 
| 219|0x000000008db00000, 0x000000008db00000, 0x000000008dc00000|  0%| F|  |TAMS 0x000000008db00000, 0x000000008db00000| Untracked 
| 220|0x000000008dc00000, 0x000000008dc00000, 0x000000008dd00000|  0%| F|  |TAMS 0x000000008dc00000, 0x000000008dc00000| Untracked 
| 221|0x000000008dd00000, 0x000000008dd00000, 0x000000008de00000|  0%| F|  |TAMS 0x000000008dd00000, 0x000000008dd00000| Untracked 
| 222|0x000000008de00000, 0x000000008de00000, 0x000000008df00000|  0%| F|  |TAMS 0x000000008de00000, 0x000000008de00000| Untracked 
| 223|0x000000008df00000, 0x000000008df00000, 0x000000008e000000|  0%| F|  |TAMS 0x000000008df00000, 0x000000008df00000| Untracked 
| 224|0x000000008e000000, 0x000000008e000000, 0x000000008e100000|  0%| F|  |TAMS 0x000000008e000000, 0x000000008e000000| Untracked 
| 225|0x000000008e100000, 0x000000008e100000, 0x000000008e200000|  0%| F|  |TAMS 0x000000008e100000, 0x000000008e100000| Untracked 
| 226|0x000000008e200000, 0x000000008e200000, 0x000000008e300000|  0%| F|  |TAMS 0x000000008e200000, 0x000000008e200000| Untracked 
| 227|0x000000008e300000, 0x000000008e300000, 0x000000008e400000|  0%| F|  |TAMS 0x000000008e300000, 0x000000008e300000| Untracked 
| 228|0x000000008e400000, 0x000000008e400000, 0x000000008e500000|  0%| F|  |TAMS 0x000000008e400000, 0x000000008e400000| Untracked 
| 229|0x000000008e500000, 0x000000008e500000, 0x000000008e600000|  0%| F|  |TAMS 0x000000008e500000, 0x000000008e500000| Untracked 
| 230|0x000000008e600000, 0x000000008e600000, 0x000000008e700000|  0%| F|  |TAMS 0x000000008e600000, 0x000000008e600000| Untracked 
| 231|0x000000008e700000, 0x000000008e700000, 0x000000008e800000|  0%| F|  |TAMS 0x000000008e700000, 0x000000008e700000| Untracked 
| 232|0x000000008e800000, 0x000000008e800000, 0x000000008e900000|  0%| F|  |TAMS 0x000000008e800000, 0x000000008e800000| Untracked 
| 233|0x000000008e900000, 0x000000008e980800, 0x000000008ea00000| 50%| E|  |TAMS 0x000000008e900000, 0x000000008e900000| Complete 
| 234|0x000000008ea00000, 0x000000008eb00000, 0x000000008eb00000|100%| E|CS|TAMS 0x000000008ea00000, 0x000000008ea00000| Complete 
| 235|0x000000008eb00000, 0x000000008ec00000, 0x000000008ec00000|100%| E|CS|TAMS 0x000000008eb00000, 0x000000008eb00000| Complete 
| 236|0x000000008ec00000, 0x000000008ed00000, 0x000000008ed00000|100%| E|CS|TAMS 0x000000008ec00000, 0x000000008ec00000| Complete 
| 237|0x000000008ed00000, 0x000000008ee00000, 0x000000008ee00000|100%| E|CS|TAMS 0x000000008ed00000, 0x000000008ed00000| Complete 
| 238|0x000000008ee00000, 0x000000008ef00000, 0x000000008ef00000|100%| E|CS|TAMS 0x000000008ee00000, 0x000000008ee00000| Complete 
| 239|0x000000008ef00000, 0x000000008f000000, 0x000000008f000000|100%| E|CS|TAMS 0x000000008ef00000, 0x000000008ef00000| Complete 
| 240|0x000000008f000000, 0x000000008f100000, 0x000000008f100000|100%| E|CS|TAMS 0x000000008f000000, 0x000000008f000000| Complete 
| 241|0x000000008f100000, 0x000000008f200000, 0x000000008f200000|100%| E|CS|TAMS 0x000000008f100000, 0x000000008f100000| Complete 
| 242|0x000000008f200000, 0x000000008f300000, 0x000000008f300000|100%| E|CS|TAMS 0x000000008f200000, 0x000000008f200000| Complete 
| 243|0x000000008f300000, 0x000000008f400000, 0x000000008f400000|100%| E|CS|TAMS 0x000000008f300000, 0x000000008f300000| Complete 
| 244|0x000000008f400000, 0x000000008f500000, 0x000000008f500000|100%| E|CS|TAMS 0x000000008f400000, 0x000000008f400000| Complete 
| 245|0x000000008f500000, 0x000000008f600000, 0x000000008f600000|100%| E|CS|TAMS 0x000000008f500000, 0x000000008f500000| Complete 
| 246|0x000000008f600000, 0x000000008f700000, 0x000000008f700000|100%| E|CS|TAMS 0x000000008f600000, 0x000000008f600000| Complete 
| 247|0x000000008f700000, 0x000000008f800000, 0x000000008f800000|100%| E|CS|TAMS 0x000000008f700000, 0x000000008f700000| Complete 

Card table byte_map: [0x000001e2362e0000,0x000001e2366e0000] _byte_map_base: 0x000001e235ee0000

Marking Bits (Prev, Next): (CMBitMap*) 0x000001e21d3e1628, (CMBitMap*) 0x000001e21d3e1660
 Prev Bits: [0x000001e236ae0000, 0x000001e238ae0000)
 Next Bits: [0x000001e238ae0000, 0x000001e23aae0000)

Polling page: 0x000001e21d470000

Metaspace:

Usage:
  Non-class:    141.56 MB capacity,   138.66 MB ( 98%) used,     2.47 MB (  2%) free+waste,   440.81 KB ( <1%) overhead. 
      Class:     22.16 MB capacity,    20.39 MB ( 92%) used,     1.57 MB (  7%) free+waste,   207.13 KB ( <1%) overhead. 
       Both:    163.72 MB capacity,   159.05 MB ( 97%) used,     4.04 MB (  2%) free+waste,   647.94 KB ( <1%) overhead. 

Virtual space:
  Non-class space:      142.00 MB reserved,     141.75 MB (>99%) committed 
      Class space:      504.00 MB reserved,      22.20 MB (  4%) committed 
             Both:      646.00 MB reserved,     163.95 MB ( 25%) committed 

Chunk freelists:
   Non-Class:  128 bytes
       Class:  3.63 KB
        Both:  3.75 KB

CodeHeap 'non-profiled nmethods': size=120000Kb used=10364Kb max_used=10364Kb free=109635Kb
 bounds [0x000001e22dd30000, 0x000001e22e750000, 0x000001e235260000]
CodeHeap 'profiled nmethods': size=120000Kb used=40772Kb max_used=40772Kb free=79227Kb
 bounds [0x000001e226800000, 0x000001e228fe0000, 0x000001e22dd30000]
CodeHeap 'non-nmethods': size=5760Kb used=2451Kb max_used=2513Kb free=3308Kb
 bounds [0x000001e226260000, 0x000001e2264e0000, 0x000001e226800000]
 total_blobs=19185 nmethods=18070 adapters=1023
 compilation: enabled
              stopped_count=0, restarted_count=0
 full_count=0

Compilation events (10 events):
Event: 4204.574 Thread 0x000001e23d7fc000 19234       4       java.lang.String::regionMatches (150 bytes)
Event: 4204.591 Thread 0x000001e23d7fc000 nmethod 19234 0x000001e22e74c310 code [0x000001e22e74c4c0, 0x000001e22e74ce38]
Event: 4204.591 Thread 0x000001e23d7fc000 19236       4       org.gradle.internal.operations.DefaultBuildOperationRunner$BuildOperationTrackingListener::stop (36 bytes)
Event: 4204.645 Thread 0x000001e23d7fd000 19239       3       org.jetbrains.kotlin.gradle.utils.StringUtilsKt$lowerCamelCaseName$1::invoke (9 bytes)
Event: 4204.646 Thread 0x000001e23d7fd000 nmethod 19239 0x000001e228fc7790 code [0x000001e228fc7a60, 0x000001e228fc86d8]
Event: 4204.646 Thread 0x000001e23d7fd000 19240       3       org.jetbrains.kotlin.gradle.utils.StringUtilsKt$lowerCamelCaseName$1::invoke (11 bytes)
Event: 4204.647 Thread 0x000001e23d7fd000 nmethod 19240 0x000001e228fc8b90 code [0x000001e228fc8e40, 0x000001e228fc9978]
Event: 4204.684 Thread 0x000001e23d7fd000 19241       3       org.gradle.api.internal.collections.DefaultPendingSource::size (43 bytes)
Event: 4204.684 Thread 0x000001e23d7fd000 nmethod 19241 0x000001e228fc9d90 code [0x000001e228fc9f80, 0x000001e228fca5f8]
Event: 4204.686 Thread 0x000001e23d7fd000 19242       3       org.gradle.internal.extensibility.DefaultConvention::getByName (9 bytes)

GC Heap History (10 events):
Event: 4198.688 GC heap before
{Heap before GC invocations=72 (full 0):
 garbage-first heap   total 253952K, used 211059K [0x0000000080000000, 0x0000000100000000)
  region size 1024K, 78 young (79872K), 6 survivors (6144K)
 Metaspace       used 158263K, capacity 162342K, committed 162380K, reserved 657408K
  class space    used 20234K, capacity 21824K, committed 21836K, reserved 516096K
}
Event: 4198.713 GC heap after
{Heap after GC invocations=73 (full 0):
 garbage-first heap   total 253952K, used 145890K [0x0000000080000000, 0x0000000100000000)
  region size 1024K, 8 young (8192K), 8 survivors (8192K)
 Metaspace       used 158263K, capacity 162342K, committed 162380K, reserved 657408K
  class space    used 20234K, capacity 21824K, committed 21836K, reserved 516096K
}
Event: 4198.776 GC heap before
{Heap before GC invocations=73 (full 0):
 garbage-first heap   total 253952K, used 149986K [0x0000000080000000, 0x0000000100000000)
  region size 1024K, 12 young (12288K), 8 survivors (8192K)
 Metaspace       used 158385K, capacity 162430K, committed 162636K, reserved 657408K
  class space    used 20257K, capacity 21836K, committed 21836K, reserved 516096K
}
Event: 4198.789 GC heap after
{Heap after GC invocations=74 (full 0):
 garbage-first heap   total 253952K, used 146045K [0x0000000080000000, 0x0000000100000000)
  region size 1024K, 2 young (2048K), 2 survivors (2048K)
 Metaspace       used 158385K, capacity 162430K, committed 162636K, reserved 657408K
  class space    used 20257K, capacity 21836K, committed 21836K, reserved 516096K
}
Event: 4201.054 GC heap before
{Heap before GC invocations=74 (full 0):
 garbage-first heap   total 253952K, used 208509K [0x0000000080000000, 0x0000000100000000)
  region size 1024K, 64 young (65536K), 2 survivors (2048K)
 Metaspace       used 160028K, capacity 164422K, committed 164556K, reserved 659456K
  class space    used 20521K, capacity 22199K, committed 22220K, reserved 516096K
}
Event: 4201.065 GC heap after
{Heap after GC invocations=75 (full 0):
 garbage-first heap   total 253952K, used 153715K [0x0000000080000000, 0x0000000100000000)
  region size 1024K, 8 young (8192K), 8 survivors (8192K)
 Metaspace       used 160028K, capacity 164422K, committed 164556K, reserved 659456K
  class space    used 20521K, capacity 22199K, committed 22220K, reserved 516096K
}
Event: 4203.322 GC heap before
{Heap before GC invocations=75 (full 0):
 garbage-first heap   total 253952K, used 217203K [0x0000000080000000, 0x0000000100000000)
  region size 1024K, 63 young (64512K), 8 survivors (8192K)
 Metaspace       used 160630K, capacity 165243K, committed 165452K, reserved 659456K
  class space    used 20569K, capacity 22312K, committed 22348K, reserved 516096K
}
Event: 4203.402 GC heap after
{Heap after GC invocations=76 (full 0):
 garbage-first heap   total 253952K, used 174004K [0x0000000080000000, 0x0000000100000000)
  region size 1024K, 8 young (8192K), 8 survivors (8192K)
 Metaspace       used 160630K, capacity 165243K, committed 165452K, reserved 659456K
  class space    used 20569K, capacity 22312K, committed 22348K, reserved 516096K
}
Event: 4204.514 GC heap before
{Heap before GC invocations=76 (full 0):
 garbage-first heap   total 253952K, used 212916K [0x0000000080000000, 0x0000000100000000)
  region size 1024K, 46 young (47104K), 8 survivors (8192K)
 Metaspace       used 162460K, capacity 167234K, committed 167372K, reserved 661504K
  class space    used 20824K, capacity 22659K, committed 22732K, reserved 516096K
}
Event: 4204.533 GC heap after
{Heap after GC invocations=77 (full 0):
 garbage-first heap   total 253952K, used 177635K [0x0000000080000000, 0x0000000100000000)
  region size 1024K, 3 young (3072K), 3 survivors (3072K)
 Metaspace       used 162460K, capacity 167234K, committed 167372K, reserved 661504K
  class space    used 20824K, capacity 22659K, committed 22732K, reserved 516096K
}

Deoptimization events (10 events):
Event: 4203.793 Thread 0x000001e23e4f6000 Uncommon trap: reason=unstable_if action=reinterpret pc=0x000001e22e0fac10 method=sun.net.www.protocol.jar.Handler.parseURL(Ljava/net/URL;Ljava/lang/String;II)V @ 116 c2
Event: 4204.290 Thread 0x000001e23e4f6000 Uncommon trap: reason=class_check action=maybe_recompile pc=0x000001e22e671a58 method=groovy.lang.MetaMethod.isStatic()Z @ 1 c2
Event: 4204.290 Thread 0x000001e23e4f6000 Uncommon trap: reason=class_check action=maybe_recompile pc=0x000001e22e671a58 method=groovy.lang.MetaMethod.isStatic()Z @ 1 c2
Event: 4204.313 Thread 0x000001e23e4f6000 Uncommon trap: reason=profile_predicate action=maybe_recompile pc=0x000001e22e73c634 method=groovy.lang.MetaClassImpl$MethodIndexAction.iterate()V @ 78 c2
Event: 4204.313 Thread 0x000001e23e4f6000 Uncommon trap: reason=profile_predicate action=maybe_recompile pc=0x000001e22e73c634 method=groovy.lang.MetaClassImpl$MethodIndexAction.iterate()V @ 78 c2
Event: 4204.318 Thread 0x000001e23e4f6000 Uncommon trap: reason=unstable_if action=reinterpret pc=0x000001e22e20cefc method=groovy.lang.MetaClassImpl.checkIfStdMethod(Lgroovy/lang/MetaMethod;)V @ 167 c2
Event: 4204.345 Thread 0x000001e23e4f6000 Uncommon trap: reason=class_check action=maybe_recompile pc=0x000001e22e671a58 method=groovy.lang.MetaMethod.isStatic()Z @ 1 c2
Event: 4204.347 Thread 0x000001e23e4f6000 Uncommon trap: reason=class_check action=maybe_recompile pc=0x000001e22e671a58 method=groovy.lang.MetaMethod.isStatic()Z @ 1 c2
Event: 4204.363 Thread 0x000001e23e4f6000 Uncommon trap: reason=profile_predicate action=maybe_recompile pc=0x000001e22e73c634 method=groovy.lang.MetaClassImpl$MethodIndexAction.iterate()V @ 78 c2
Event: 4204.363 Thread 0x000001e23e4f6000 Uncommon trap: reason=profile_predicate action=maybe_recompile pc=0x000001e22e73c634 method=groovy.lang.MetaClassImpl$MethodIndexAction.iterate()V @ 78 c2

Classes redefined (0 events):
No events

Internal exceptions (10 events):
Event: 4204.407 Thread 0x000001e23e4f6000 Exception <a 'java/lang/ClassNotFoundException'{0x000000008d6d6c50}: java/util/AbstractSetCustomizer> (0x000000008d6d6c50) thrown at [./open/src/hotspot/share/classfile/systemDictionary.cpp, line 226]
Event: 4204.409 Thread 0x000001e23e4f6000 Exception <a 'java/lang/ClassNotFoundException'{0x000000008d6f2418}: java/util/TreeSetCustomizer> (0x000000008d6f2418) thrown at [./open/src/hotspot/share/classfile/systemDictionary.cpp, line 226]
Event: 4204.476 Thread 0x000001e23e4f6000 Exception <a 'java/lang/ClassNotFoundException'{0x000000008d4469c8}: org/gradle/api/internal/artifacts/dependencies/DefaultProjectDependency_DecoratedBeanInfo> (0x000000008d4469c8) thrown at [./open/src/hotspot/share/classfile/systemDictionary.cpp, line 2
Event: 4204.484 Thread 0x000001e23e4f6000 Exception <a 'java/lang/ClassNotFoundException'{0x000000008d4912c0}: org/gradle/api/internal/artifacts/dependencies/DefaultProjectDependencyBeanInfo> (0x000000008d4912c0) thrown at [./open/src/hotspot/share/classfile/systemDictionary.cpp, line 226]
Event: 4204.485 Thread 0x000001e23e4f6000 Exception <a 'java/lang/ClassNotFoundException'{0x000000008d4db470}: org/gradle/api/internal/artifacts/dependencies/DefaultProjectDependencyCustomizer> (0x000000008d4db470) thrown at [./open/src/hotspot/share/classfile/systemDictionary.cpp, line 226]
Event: 4204.487 Thread 0x000001e23e4f6000 Exception <a 'java/lang/ClassNotFoundException'{0x000000008d33d040}: org/gradle/api/internal/artifacts/dependencies/DefaultProjectDependency_DecoratedCustomizer> (0x000000008d33d040) thrown at [./open/src/hotspot/share/classfile/systemDictionary.cpp, line
Event: 4204.639 Thread 0x000001e23e4f6000 Exception <a 'java/lang/ClassNotFoundException'{0x000000008f0c77e0}: com/android/build/gradle/internal/api/ReadOnlyBuildTypeBeanInfo> (0x000000008f0c77e0) thrown at [./open/src/hotspot/share/classfile/systemDictionary.cpp, line 226]
Event: 4204.640 Thread 0x000001e23e4f6000 Exception <a 'java/lang/ClassNotFoundException'{0x000000008f0e3178}: com/android/build/gradle/internal/api/ReadOnlyBaseConfigBeanInfo> (0x000000008f0e3178) thrown at [./open/src/hotspot/share/classfile/systemDictionary.cpp, line 226]
Event: 4204.640 Thread 0x000001e23e4f6000 Exception <a 'java/lang/ClassNotFoundException'{0x000000008f0ff360}: com/android/build/gradle/internal/api/ReadOnlyBaseConfigCustomizer> (0x000000008f0ff360) thrown at [./open/src/hotspot/share/classfile/systemDictionary.cpp, line 226]
Event: 4204.641 Thread 0x000001e23e4f6000 Exception <a 'java/lang/ClassNotFoundException'{0x000000008ef2b9b0}: com/android/build/gradle/internal/api/ReadOnlyBuildTypeCustomizer> (0x000000008ef2b9b0) thrown at [./open/src/hotspot/share/classfile/systemDictionary.cpp, line 226]

Events (10 events):
Event: 4204.676 loading class org/jetbrains/kotlin/gradle/plugin/mpp/AbstractKotlinCompilation$source$1
Event: 4204.676 loading class org/jetbrains/kotlin/gradle/plugin/mpp/AbstractKotlinCompilation$source$1 done
Event: 4204.677 loading class org/jetbrains/kotlin/gradle/plugin/mpp/AbstractKotlinCompilation$addExactSourceSetsEagerly$1$1$1
Event: 4204.677 loading class org/jetbrains/kotlin/gradle/plugin/mpp/AbstractKotlinCompilation$addExactSourceSetsEagerly$1$1$1 done
Event: 4204.681 loading class org/jetbrains/kotlin/gradle/plugin/mpp/AbstractKotlinCompilation$addSourcesToCompileTask$1
Event: 4204.681 loading class org/jetbrains/kotlin/gradle/plugin/mpp/AbstractKotlinCompilation$addSourcesToCompileTask$1 done
Event: 4204.684 loading class org/jetbrains/kotlin/gradle/plugin/GradleUtilsKt
Event: 4204.684 loading class org/jetbrains/kotlin/gradle/plugin/GradleUtilsKt done
Event: 4204.686 loading class org/gradle/api/NamedDomainObjectCollection
Event: 4204.686 loading class org/gradle/api/NamedDomainObjectCollection done


Dynamic libraries:
0x00007ff67c450000 - 0x00007ff67c45f000 	C:\Program Files\Java\jdk-11.0.16.1\bin\java.exe
0x00007ffb9bcd0000 - 0x00007ffb9bee7000 	C:\WINDOWS\SYSTEM32\ntdll.dll
0x00007ffb99fe0000 - 0x00007ffb9a0a4000 	C:\WINDOWS\System32\KERNEL32.DLL
0x00007ffb994c0000 - 0x00007ffb9986d000 	C:\WINDOWS\System32\KERNELBASE.dll
0x00007ffb99230000 - 0x00007ffb99341000 	C:\WINDOWS\System32\ucrtbase.dll
0x00007ffb5fe30000 - 0x00007ffb5fe45000 	C:\Program Files\Java\jdk-11.0.16.1\bin\VCRUNTIME140.dll
0x00007ffb5fe50000 - 0x00007ffb5fe68000 	C:\Program Files\Java\jdk-11.0.16.1\bin\jli.dll
0x00007ffb9bbd0000 - 0x00007ffb9bc82000 	C:\WINDOWS\System32\ADVAPI32.dll
0x00007ffb9a580000 - 0x00007ffb9a627000 	C:\WINDOWS\System32\msvcrt.dll
0x00007ffb9a830000 - 0x00007ffb9a8d9000 	C:\WINDOWS\System32\sechost.dll
0x00007ffb99160000 - 0x00007ffb99188000 	C:\WINDOWS\System32\bcrypt.dll
0x00007ffb9a100000 - 0x00007ffb9a214000 	C:\WINDOWS\System32\RPCRT4.dll
0x00007ffb9b150000 - 0x00007ffb9b2fe000 	C:\WINDOWS\System32\USER32.dll
0x00007ffb7d220000 - 0x00007ffb7d4b3000 	C:\WINDOWS\WinSxS\amd64_microsoft.windows.common-controls_6595b64144ccf1df_6.0.22621.3672_none_2713b9d173822955\COMCTL32.dll
0x00007ffb990b0000 - 0x00007ffb990d6000 	C:\WINDOWS\System32\win32u.dll
0x00007ffb9a0d0000 - 0x00007ffb9a0f9000 	C:\WINDOWS\System32\GDI32.dll
0x00007ffb998e0000 - 0x00007ffb999f9000 	C:\WINDOWS\System32\gdi32full.dll
0x00007ffb99190000 - 0x00007ffb9922a000 	C:\WINDOWS\System32\msvcp_win.dll
0x00007ffb91160000 - 0x00007ffb9116a000 	C:\WINDOWS\SYSTEM32\VERSION.dll
0x00007ffb99c10000 - 0x00007ffb99c41000 	C:\WINDOWS\System32\IMM32.DLL
0x00007ffb54050000 - 0x00007ffb540eb000 	C:\Program Files\Java\jdk-11.0.16.1\bin\msvcp140.dll
0x00007ffaeec90000 - 0x00007ffaef7a8000 	C:\Program Files\Java\jdk-11.0.16.1\bin\server\jvm.dll
0x00007ffb9a0b0000 - 0x00007ffb9a0b8000 	C:\WINDOWS\System32\PSAPI.DLL
0x00007ffb733f0000 - 0x00007ffb733f9000 	C:\WINDOWS\SYSTEM32\WSOCK32.dll
0x00007ffb93750000 - 0x00007ffb93784000 	C:\WINDOWS\SYSTEM32\WINMM.dll
0x00007ffb9b8e0000 - 0x00007ffb9b951000 	C:\WINDOWS\System32\WS2_32.dll
0x00007ffb98000000 - 0x00007ffb98018000 	C:\WINDOWS\SYSTEM32\kernel.appcore.dll
0x00007ffb87bd0000 - 0x00007ffb87be0000 	C:\Program Files\Java\jdk-11.0.16.1\bin\verify.dll
0x00007ffb8fab0000 - 0x00007ffb8fce2000 	C:\WINDOWS\SYSTEM32\DBGHELP.DLL
0x00007ffb99c50000 - 0x00007ffb99fde000 	C:\WINDOWS\System32\combase.dll
0x00007ffb9b960000 - 0x00007ffb9ba37000 	C:\WINDOWS\System32\OLEAUT32.dll
0x00007ffb770a0000 - 0x00007ffb770d2000 	C:\WINDOWS\SYSTEM32\dbgcore.DLL
0x00007ffb990e0000 - 0x00007ffb9915b000 	C:\WINDOWS\System32\bcryptPrimitives.dll
0x00007ffb55db0000 - 0x00007ffb55dd8000 	C:\Program Files\Java\jdk-11.0.16.1\bin\java.dll
0x00007ffb87720000 - 0x00007ffb8772a000 	C:\Program Files\Java\jdk-11.0.16.1\bin\jimage.dll
0x00007ffb59210000 - 0x00007ffb59226000 	C:\Program Files\Java\jdk-11.0.16.1\bin\zip.dll
0x00007ffb9a8e0000 - 0x00007ffb9b147000 	C:\WINDOWS\System32\SHELL32.dll
0x00007ffb96f20000 - 0x00007ffb9781f000 	C:\WINDOWS\SYSTEM32\windows.storage.dll
0x00007ffb96de0000 - 0x00007ffb96f1f000 	C:\WINDOWS\SYSTEM32\wintypes.dll
0x00007ffb9ba40000 - 0x00007ffb9bb39000 	C:\WINDOWS\System32\SHCORE.dll
0x00007ffb9a7d0000 - 0x00007ffb9a82e000 	C:\WINDOWS\System32\shlwapi.dll
0x00007ffb98f20000 - 0x00007ffb98f47000 	C:\WINDOWS\SYSTEM32\profapi.dll
0x00007ffb58920000 - 0x00007ffb58939000 	C:\Program Files\Java\jdk-11.0.16.1\bin\net.dll
0x00007ffb94ea0000 - 0x00007ffb94fd6000 	C:\WINDOWS\SYSTEM32\WINHTTP.dll
0x00007ffb98470000 - 0x00007ffb984d9000 	C:\WINDOWS\system32\mswsock.dll
0x00007ffb55810000 - 0x00007ffb55822000 	C:\Program Files\Java\jdk-11.0.16.1\bin\nio.dll
0x00007ffaefeb0000 - 0x00007ffaefed7000 	C:\Users\saini\.gradle\native\68d5fa5c4cc2d200863cafc0d521ce42e7d3e7ee720ec0a83991735586a16f82\windows-amd64\native-platform.dll
0x00007ffb350a0000 - 0x00007ffb351e4000 	C:\Users\saini\.gradle\native\e376f236ea51e6404a007f0833ffe2c6e607c4080706a723a18a27aeea778392\windows-amd64\native-platform-file-events.dll
0x00007ffb7c6a0000 - 0x00007ffb7c6a9000 	C:\Program Files\Java\jdk-11.0.16.1\bin\management.dll
0x00007ffb7c020000 - 0x00007ffb7c02b000 	C:\Program Files\Java\jdk-11.0.16.1\bin\management_ext.dll
0x00007ffb986a0000 - 0x00007ffb986bb000 	C:\WINDOWS\SYSTEM32\CRYPTSP.dll
0x00007ffb97f60000 - 0x00007ffb97f95000 	C:\WINDOWS\system32\rsaenh.dll
0x00007ffb98530000 - 0x00007ffb98558000 	C:\WINDOWS\SYSTEM32\USERENV.dll
0x00007ffb98690000 - 0x00007ffb9869c000 	C:\WINDOWS\SYSTEM32\CRYPTBASE.dll
0x00007ffb97a80000 - 0x00007ffb97aad000 	C:\WINDOWS\SYSTEM32\IPHLPAPI.DLL
0x00007ffb9a6b0000 - 0x00007ffb9a6b9000 	C:\WINDOWS\System32\NSI.dll
0x00007ffb94a50000 - 0x00007ffb94a69000 	C:\WINDOWS\SYSTEM32\dhcpcsvc6.DLL
0x00007ffb94990000 - 0x00007ffb949af000 	C:\WINDOWS\SYSTEM32\dhcpcsvc.DLL
0x00007ffb97af0000 - 0x00007ffb97be8000 	C:\WINDOWS\SYSTEM32\DNSAPI.dll
0x00007ffb98020000 - 0x00007ffb98054000 	C:\WINDOWS\SYSTEM32\ntmarta.dll

dbghelp: loaded successfully - version: 4.0.5 - missing functions: none
symbol engine: initialized successfully - sym options: 0x614 - pdb path: .;C:\Program Files\Java\jdk-11.0.16.1\bin;C:\WINDOWS\SYSTEM32;C:\WINDOWS\WinSxS\amd64_microsoft.windows.common-controls_6595b64144ccf1df_6.0.22621.3672_none_2713b9d173822955;C:\Program Files\Java\jdk-11.0.16.1\bin\server;C:\Users\saini\.gradle\native\68d5fa5c4cc2d200863cafc0d521ce42e7d3e7ee720ec0a83991735586a16f82\windows-amd64;C:\Users\saini\.gradle\native\e376f236ea51e6404a007f0833ffe2c6e607c4080706a723a18a27aeea778392\windows-amd64

VM Arguments:
jvm_args: -XX:MaxMetaspaceSize=512m --add-opens=java.base/java.util=ALL-UNNAMED --add-opens=java.base/java.lang=ALL-UNNAMED --add-opens=java.base/java.lang.invoke=ALL-UNNAMED --add-opens=java.prefs/java.util.prefs=ALL-UNNAMED --add-opens=java.base/java.nio.charset=ALL-UNNAMED --add-opens=java.base/java.net=ALL-UNNAMED --add-opens=java.base/java.util.concurrent.atomic=ALL-UNNAMED -Xmx2048m -Dfile.encoding=utf8 -Duser.country=IN -Duser.language=en -Duser.variant 
java_command: org.gradle.launcher.daemon.bootstrap.GradleDaemon 8.0.1
java_class_path (initial): C:\Users\saini\.gradle\wrapper\dists\gradle-8.0.1-all\aro4hu1c3oeioove7l0i4i14o\gradle-8.0.1\lib\gradle-launcher-8.0.1.jar
Launcher Type: SUN_STANDARD

[Global flags]
     intx CICompilerCount                          = 4                                         {product} {ergonomic}
   size_t CompressedClassSpaceSize                 = 528482304                                 {product} {ergonomic}
     uint ConcGCThreads                            = 3                                         {product} {ergonomic}
     uint G1ConcRefinementThreads                  = 10                                        {product} {ergonomic}
   size_t G1HeapRegionSize                         = 1048576                                   {product} {ergonomic}
    uintx GCDrainStackTargetSize                   = 64                                        {product} {ergonomic}
   size_t InitialHeapSize                          = 123731968                                 {product} {ergonomic}
   size_t MarkStackSize                            = 4194304                                   {product} {ergonomic}
   size_t MaxHeapSize                              = 2147483648                                {product} {command line}
   size_t MaxMetaspaceSize                         = 536870912                                 {product} {command line}
   size_t MaxNewSize                               = 1287651328                                {product} {ergonomic}
   size_t MinHeapDeltaBytes                        = 1048576                                   {product} {ergonomic}
    uintx NonNMethodCodeHeapSize                   = 5836300                                {pd product} {ergonomic}
    uintx NonProfiledCodeHeapSize                  = 122910970                              {pd product} {ergonomic}
    uintx ProfiledCodeHeapSize                     = 122910970                              {pd product} {ergonomic}
    uintx ReservedCodeCacheSize                    = 251658240                              {pd product} {ergonomic}
     bool SegmentedCodeCache                       = true                                      {product} {ergonomic}
     bool UseCompressedClassPointers               = true                                 {lp64_product} {ergonomic}
     bool UseCompressedOops                        = true                                 {lp64_product} {ergonomic}
     bool UseG1GC                                  = true                                      {product} {ergonomic}
     bool UseLargePagesIndividualAllocation        = false                                  {pd product} {ergonomic}

Logging:
Log output configuration:
 #0: stdout all=warning uptime,level,tags
 #1: stderr all=off uptime,level,tags

Environment Variables:
JAVA_HOME=C:\Program Files\Java\jdk-11.0.16.1
PATH=C:\Program Files (x86)\VMware\VMware Player\bin\;C:\Program Files\Common Files\Oracle\Java\javapath;C:\WINDOWS\system32;C:\WINDOWS;C:\WINDOWS\System32\Wbem;C:\WINDOWS\System32\WindowsPowerShell\v1.0\;C:\WINDOWS\System32\OpenSSH\;C:\Program Files\dotnet\;C:\Program Files\Java\jdk-19\bin;C:\Program Files\Common Files\Oracle\Java\javapath;C:\Program Files\apache-maven-3.9.1-bin\apache-maven-3.9.1\bin;C:\Program Files\MySQL\MySQL Server 8.0\bin;C:\ProgramData\chocolatey\bin;C:\Users\saini\.jpm\windows\bin;C:\Program Files\PuTTY\;C:\Program Files\nodejs\;C:\Program Files\Git\cmd;%ANDROID_HOME%\emulator;%ANDROID_HOME%\tools;%ANDROID_HOME%\tools\bin;%ANDROID_HOME%\platform-tools\;C:\Users\saini\AppData\Local\Android\Sdk\platform-tools;C:\Users\saini\AppData\Local\Android\Sdk\platform-tools;C:\Users\saini\AppData\Local\Android\Sdk\tools;C:\Users\saini\AppData\Local\Android\Sdk\platform-tools;C:\Users\saini\AppData\Local\Android\Sdk\tools;C:\Users\saini\AppData\Local\pnpm;C:\Users\saini\AppData\Local\Microsoft\WindowsApps;C:\Users\saini\AppData\Local\Programs\Microsoft VS Code\bin;C:\Program Files\MySQL\MySQL Server 8.0\bin;C:\Program Files\JetBrains\IntelliJ IDEA Community Edition 2023.1\bin;C:\Program Files\MySQL\MySQL Server 8.0\bin;C:\Program Files\Java\jdk-11.0.16.1;C:\Users\saini\AppData\Roaming\npm;C:\Program Files\gradle-8.8\bin;
USERNAME=N1khil
OS=Windows_NT
PROCESSOR_IDENTIFIER=AMD64 Family 25 Model 80 Stepping 0, AuthenticAMD



---------------  S Y S T E M  ---------------

OS: Windows 11 , 64 bit Build 22621 (10.0.22621.3958)
Hyper-V role detected

CPU:total 12 (initial active 12) (12 cores per cpu, 2 threads per core) family 25 model 80 stepping 0 microcode 0x0, cmov, cx8, fxsr, mmx, sse, sse2, sse3, ssse3, sse4.1, sse4.2, popcnt, avx, avx2, aes, clmul, erms, mmxext, 3dnowpref, lzcnt, sse4a, ht, tsc, tscinvbit, tscinv, bmi1, bmi2,

Memory: 4k page, system-wide physical 7521M (80M free)
TotalPageFile size 31073M (AvailPageFile size 1M)
current process WorkingSet (physical memory assigned to process): 400M, peak: 562M
current process commit charge ("private bytes"): 691M, peak: 692M

vm_info: Java HotSpot(TM) 64-Bit Server VM (11.0.16.1+1-LTS-1) for windows-amd64 JRE (11.0.16.1+1-LTS-1), built on Aug 16 2022 01:46:01 by "mach5one" with MS VC++ 15.9 (VS2017)

END.
